TN:
SF:src/entry-client.tsx
FNF:0
FNH:0
DA:1,0
DA:2,0
DA:3,0
DA:4,0
DA:5,0
DA:6,0
DA:7,0
DA:9,0
DA:11,0
DA:12,0
DA:23,0
LF:11
LH:0
BRDA:11,0,0,0
BRDA:11,0,1,0
BRF:2
BRH:0
end_of_record
TN:
SF:src/entry-server.tsx
FN:18,render
FNF:1
FNH:0
FNDA:0,render
DA:1,0
DA:2,0
DA:3,0
DA:4,0
DA:5,0
DA:6,0
DA:7,0
DA:18,0
DA:19,0
DA:21,0
DA:31,0
DA:33,0
LF:12
LH:0
BRDA:36,0,0,0
BRDA:36,0,1,0
BRDA:37,1,0,0
BRDA:37,1,1,0
BRDA:38,2,0,0
BRDA:38,2,1,0
BRDA:39,3,0,0
BRDA:39,3,1,0
BRF:8
BRH:0
end_of_record
TN:
SF:src/api/analytics/APIPerformanceAnalyzer.ts
FN:79,(anonymous_0)
FN:84,(anonymous_1)
FN:90,(anonymous_2)
FN:110,(anonymous_3)
FN:130,(anonymous_4)
FN:165,(anonymous_5)
FN:186,(anonymous_6)
FN:187,(anonymous_7)
FN:195,(anonymous_8)
FN:202,(anonymous_9)
FN:209,(anonymous_10)
FN:214,(anonymous_11)
FN:221,(anonymous_12)
FN:236,(anonymous_13)
FN:252,(anonymous_14)
FN:367,(anonymous_15)
FN:373,(anonymous_16)
FN:375,(anonymous_17)
FN:386,(anonymous_18)
FN:389,(anonymous_19)
FN:393,(anonymous_20)
FN:395,(anonymous_21)
FN:396,(anonymous_22)
FN:398,(anonymous_23)
FN:399,(anonymous_24)
FN:407,(anonymous_25)
FN:411,(anonymous_26)
FN:414,(anonymous_27)
FN:422,(anonymous_28)
FN:425,(anonymous_29)
FN:426,(anonymous_30)
FN:427,(anonymous_31)
FN:448,(anonymous_32)
FN:450,(anonymous_33)
FN:451,(anonymous_34)
FN:454,(anonymous_35)
FN:462,(anonymous_36)
FN:465,(anonymous_37)
FN:475,(anonymous_38)
FN:479,(anonymous_39)
FN:483,(anonymous_40)
FN:487,(anonymous_41)
FNF:42
FNH:0
FNDA:0,(anonymous_0)
FNDA:0,(anonymous_1)
FNDA:0,(anonymous_2)
FNDA:0,(anonymous_3)
FNDA:0,(anonymous_4)
FNDA:0,(anonymous_5)
FNDA:0,(anonymous_6)
FNDA:0,(anonymous_7)
FNDA:0,(anonymous_8)
FNDA:0,(anonymous_9)
FNDA:0,(anonymous_10)
FNDA:0,(anonymous_11)
FNDA:0,(anonymous_12)
FNDA:0,(anonymous_13)
FNDA:0,(anonymous_14)
FNDA:0,(anonymous_15)
FNDA:0,(anonymous_16)
FNDA:0,(anonymous_17)
FNDA:0,(anonymous_18)
FNDA:0,(anonymous_19)
FNDA:0,(anonymous_20)
FNDA:0,(anonymous_21)
FNDA:0,(anonymous_22)
FNDA:0,(anonymous_23)
FNDA:0,(anonymous_24)
FNDA:0,(anonymous_25)
FNDA:0,(anonymous_26)
FNDA:0,(anonymous_27)
FNDA:0,(anonymous_28)
FNDA:0,(anonymous_29)
FNDA:0,(anonymous_30)
FNDA:0,(anonymous_31)
FNDA:0,(anonymous_32)
FNDA:0,(anonymous_33)
FNDA:0,(anonymous_34)
FNDA:0,(anonymous_35)
FNDA:0,(anonymous_36)
FNDA:0,(anonymous_37)
FNDA:0,(anonymous_38)
FNDA:0,(anonymous_39)
FNDA:0,(anonymous_40)
FNDA:0,(anonymous_41)
DA:66,0
DA:67,0
DA:76,0
DA:80,0
DA:81,0
DA:99,0
DA:102,0
DA:103,0
DA:104,0
DA:107,0
DA:119,0
DA:120,0
DA:130,0
DA:135,0
DA:136,0
DA:139,0
DA:143,0
DA:144,0
DA:146,0
DA:150,0
DA:151,0
DA:155,0
DA:156,0
DA:159,0
DA:160,0
DA:162,0
DA:166,0
DA:168,0
DA:169,0
DA:180,0
DA:183,0
DA:187,0
DA:188,0
DA:190,0
DA:191,0
DA:192,0
DA:197,0
DA:204,0
DA:211,0
DA:216,0
DA:223,0
DA:226,0
DA:227,0
DA:228,0
DA:229,0
DA:233,0
DA:238,0
DA:239,0
DA:241,0
DA:242,0
DA:243,0
DA:245,0
DA:249,0
DA:253,0
DA:254,0
DA:256,0
DA:257,0
DA:262,0
DA:265,0
DA:266,0
DA:282,0
DA:283,0
DA:299,0
DA:300,0
DA:316,0
DA:317,0
DA:333,0
DA:334,0
DA:350,0
DA:351,0
DA:367,0
DA:368,0
DA:369,0
DA:374,0
DA:375,0
DA:376,0
DA:378,0
DA:386,0
DA:389,0
DA:393,0
DA:395,0
DA:396,0
DA:398,0
DA:399,0
DA:404,0
DA:411,0
DA:412,0
DA:414,0
DA:415,0
DA:416,0
DA:419,0
DA:423,0
DA:425,0
DA:426,0
DA:427,0
DA:429,0
DA:430,0
DA:433,0
DA:434,0
DA:437,0
DA:438,0
DA:441,0
DA:442,0
DA:445,0
DA:449,0
DA:450,0
DA:451,0
DA:455,0
DA:456,0
DA:457,0
DA:459,0
DA:463,0
DA:465,0
DA:472,0
DA:476,0
DA:480,0
DA:484,0
DA:488,0
DA:489,0
DA:493,0
LF:120
LH:0
BRDA:99,0,0,0
BRDA:99,0,1,0
BRDA:103,1,0,0
BRDA:103,1,1,0
BRDA:120,2,0,0
BRDA:120,2,1,0
BRDA:143,3,0,0
BRDA:143,3,1,0
BRDA:150,4,0,0
BRDA:150,4,1,0
BRDA:190,5,0,0
BRDA:190,5,1,0
BRDA:191,6,0,0
BRDA:191,6,1,0
BRDA:197,7,0,0
BRDA:197,7,1,0
BRDA:197,7,2,0
BRDA:204,8,0,0
BRDA:204,8,1,0
BRDA:204,8,2,0
BRDA:216,9,0,0
BRDA:216,9,1,0
BRDA:216,9,2,0
BRDA:228,10,0,0
BRDA:228,10,1,0
BRDA:228,11,0,0
BRDA:228,11,1,0
BRDA:228,11,2,0
BRDA:243,12,0,0
BRDA:243,12,1,0
BRDA:243,13,0,0
BRDA:243,13,1,0
BRDA:243,13,2,0
BRDA:257,14,0,0
BRDA:257,14,1,0
BRDA:257,14,2,0
BRDA:257,14,3,0
BRDA:262,15,0,0
BRDA:262,15,1,0
BRDA:265,16,0,0
BRDA:265,16,1,0
BRDA:265,17,0,0
BRDA:265,17,1,0
BRDA:269,18,0,0
BRDA:269,18,1,0
BRDA:282,19,0,0
BRDA:282,19,1,0
BRDA:282,20,0,0
BRDA:282,20,1,0
BRDA:299,21,0,0
BRDA:299,21,1,0
BRDA:299,22,0,0
BRDA:299,22,1,0
BRDA:316,23,0,0
BRDA:316,23,1,0
BRDA:316,24,0,0
BRDA:316,24,1,0
BRDA:333,25,0,0
BRDA:333,25,1,0
BRDA:333,26,0,0
BRDA:333,26,1,0
BRDA:350,27,0,0
BRDA:350,27,1,0
BRDA:350,28,0,0
BRDA:350,28,1,0
BRDA:412,29,0,0
BRDA:412,29,1,0
BRDA:429,30,0,0
BRDA:429,30,1,0
BRDA:433,31,0,0
BRDA:433,31,1,0
BRDA:437,32,0,0
BRDA:437,32,1,0
BRDA:441,33,0,0
BRDA:441,33,1,0
BRDA:455,34,0,0
BRDA:455,34,1,0
BRDA:457,35,0,0
BRDA:457,35,1,0
BRF:79
BRH:0
end_of_record
TN:
SF:src/api/client/APIClient.ts
FN:20,(anonymous_1)
FN:32,(anonymous_2)
FN:35,(anonymous_3)
FN:61,(anonymous_4)
FN:66,(anonymous_5)
FN:88,(anonymous_6)
FN:103,(anonymous_7)
FN:156,(anonymous_8)
FN:160,(anonymous_9)
FN:161,(anonymous_10)
FN:166,(anonymous_11)
FN:175,(anonymous_12)
FN:182,(anonymous_13)
FN:203,(anonymous_14)
FN:219,(anonymous_15)
FN:278,(anonymous_16)
FN:291,(anonymous_17)
FN:304,(anonymous_18)
FN:317,(anonymous_19)
FN:330,(anonymous_20)
FN:341,(anonymous_21)
FN:345,(anonymous_22)
FN:349,(anonymous_23)
FN:350,(anonymous_24)
FNF:24
FNH:0
FNDA:0,(anonymous_1)
FNDA:0,(anonymous_2)
FNDA:0,(anonymous_3)
FNDA:0,(anonymous_4)
FNDA:0,(anonymous_5)
FNDA:0,(anonymous_6)
FNDA:0,(anonymous_7)
FNDA:0,(anonymous_8)
FNDA:0,(anonymous_9)
FNDA:0,(anonymous_10)
FNDA:0,(anonymous_11)
FNDA:0,(anonymous_12)
FNDA:0,(anonymous_13)
FNDA:0,(anonymous_14)
FNDA:0,(anonymous_15)
FNDA:0,(anonymous_16)
FNDA:0,(anonymous_17)
FNDA:0,(anonymous_18)
FNDA:0,(anonymous_19)
FNDA:0,(anonymous_20)
FNDA:0,(anonymous_21)
FNDA:0,(anonymous_22)
FNDA:0,(anonymous_23)
FNDA:0,(anonymous_24)
DA:1,0
DA:17,0
DA:18,0
DA:21,0
DA:22,0
DA:28,0
DA:29,0
DA:34,0
DA:36,0
DA:45,0
DA:46,0
DA:47,0
DA:52,0
DA:53,0
DA:59,0
DA:61,0
DA:65,0
DA:67,0
DA:70,0
DA:71,0
DA:72,0
DA:80,0
DA:81,0
DA:82,0
DA:86,0
DA:90,0
DA:92,0
DA:93,0
DA:94,0
DA:98,0
DA:104,0
DA:105,0
DA:107,0
DA:108,0
DA:119,0
DA:120,0
DA:130,0
DA:131,0
DA:133,0
DA:134,0
DA:145,0
DA:157,0
DA:161,0
DA:162,0
DA:167,0
DA:168,0
DA:169,0
DA:170,0
DA:176,0
DA:177,0
DA:178,0
DA:179,0
DA:183,0
DA:184,0
DA:187,0
DA:188,0
DA:190,0
DA:191,0
DA:194,0
DA:195,0
DA:196,0
DA:197,0
DA:200,0
DA:204,0
DA:205,0
DA:208,0
DA:209,0
DA:211,0
DA:221,0
DA:222,0
DA:223,0
DA:224,0
DA:231,0
DA:245,0
DA:246,0
DA:247,0
DA:249,0
DA:250,0
DA:251,0
DA:252,0
DA:255,0
DA:256,0
DA:259,0
DA:261,0
DA:264,0
DA:265,0
DA:269,0
DA:270,0
DA:275,0
DA:283,0
DA:296,0
DA:309,0
DA:322,0
DA:334,0
DA:342,0
DA:346,0
DA:350,0
DA:354,0
LF:98
LH:0
BRDA:38,0,0,0
BRDA:38,0,1,0
BRDA:45,1,0,0
BRDA:45,1,1,0
BRDA:52,2,0,0
BRDA:52,2,1,0
BRDA:71,3,0,0
BRDA:71,3,1,0
BRDA:80,4,0,0
BRDA:80,4,1,0
BRDA:92,5,0,0
BRDA:92,5,1,0
BRDA:107,6,0,0
BRDA:107,6,1,0
BRDA:107,7,0,0
BRDA:107,7,1,0
BRDA:119,8,0,0
BRDA:119,8,1,0
BRDA:133,9,0,0
BRDA:133,9,1,0
BRDA:133,10,0,0
BRDA:133,10,1,0
BRDA:137,11,0,0
BRDA:137,11,1,0
BRDA:146,12,0,0
BRDA:146,12,1,0
BRDA:147,13,0,0
BRDA:147,13,1,0
BRDA:148,14,0,0
BRDA:148,14,1,0
BRDA:169,15,0,0
BRDA:169,15,1,0
BRDA:177,16,0,0
BRDA:177,16,1,0
BRDA:178,17,0,0
BRDA:178,17,1,0
BRDA:183,18,0,0
BRDA:183,18,1,0
BRDA:183,19,0,0
BRDA:183,19,1,0
BRDA:190,20,0,0
BRDA:190,20,1,0
BRDA:195,21,0,0
BRDA:195,21,1,0
BRDA:204,22,0,0
BRDA:204,22,1,0
BRDA:204,23,0,0
BRDA:204,23,1,0
BRDA:209,24,0,0
BRDA:209,24,1,0
BRDA:221,25,0,0
BRDA:221,25,1,0
BRDA:221,26,0,0
BRDA:221,26,1,0
BRDA:223,27,0,0
BRDA:223,27,1,0
BRDA:242,28,0,0
BRDA:242,28,1,0
BRDA:246,29,0,0
BRDA:246,29,1,0
BRDA:247,30,0,0
BRDA:247,30,1,0
BRDA:255,31,0,0
BRDA:255,31,1,0
BRDA:255,32,0,0
BRDA:255,32,1,0
BRDA:255,32,2,0
BRDA:255,32,3,0
BRDA:264,33,0,0
BRDA:264,33,1,0
BRDA:264,34,0,0
BRDA:264,34,1,0
BRDA:264,34,2,0
BRDA:269,35,0,0
BRDA:269,35,1,0
BRF:75
BRH:0
end_of_record
TN:
SF:src/api/optimization/RequestBatchProcessor.ts
FN:70,(anonymous_0)
FN:96,(anonymous_1)
FN:114,(anonymous_2)
FN:138,(anonymous_3)
FN:168,(anonymous_4)
FN:189,(anonymous_5)
FN:207,(anonymous_6)
FN:216,(anonymous_7)
FN:221,(anonymous_8)
FN:228,(anonymous_9)
FN:248,(anonymous_10)
FN:264,(anonymous_11)
FN:266,(anonymous_12)
FN:267,(anonymous_13)
FN:268,(anonymous_14)
FN:320,(anonymous_15)
FN:335,(anonymous_16)
FN:337,(anonymous_17)
FN:351,(anonymous_18)
FN:354,(anonymous_19)
FN:383,(anonymous_20)
FN:401,(anonymous_21)
FN:409,(anonymous_22)
FN:442,(anonymous_23)
FN:483,(anonymous_24)
FN:523,(anonymous_25)
FN:525,(anonymous_26)
FN:536,(anonymous_27)
FN:542,(anonymous_28)
FN:553,(anonymous_29)
FN:561,(anonymous_30)
FN:565,(anonymous_31)
FN:571,(anonymous_32)
FN:575,(anonymous_33)
FN:581,(anonymous_34)
FN:592,(anonymous_35)
FN:596,(anonymous_36)
FN:600,(anonymous_37)
FN:606,(anonymous_38)
FN:610,(anonymous_39)
FN:614,(anonymous_40)
FN:618,(anonymous_41)
FN:622,(anonymous_42)
FN:624,(anonymous_43)
FN:627,(anonymous_44)
FN:631,(anonymous_45)
FNF:46
FNH:0
FNDA:0,(anonymous_0)
FNDA:0,(anonymous_1)
FNDA:0,(anonymous_2)
FNDA:0,(anonymous_3)
FNDA:0,(anonymous_4)
FNDA:0,(anonymous_5)
FNDA:0,(anonymous_6)
FNDA:0,(anonymous_7)
FNDA:0,(anonymous_8)
FNDA:0,(anonymous_9)
FNDA:0,(anonymous_10)
FNDA:0,(anonymous_11)
FNDA:0,(anonymous_12)
FNDA:0,(anonymous_13)
FNDA:0,(anonymous_14)
FNDA:0,(anonymous_15)
FNDA:0,(anonymous_16)
FNDA:0,(anonymous_17)
FNDA:0,(anonymous_18)
FNDA:0,(anonymous_19)
FNDA:0,(anonymous_20)
FNDA:0,(anonymous_21)
FNDA:0,(anonymous_22)
FNDA:0,(anonymous_23)
FNDA:0,(anonymous_24)
FNDA:0,(anonymous_25)
FNDA:0,(anonymous_26)
FNDA:0,(anonymous_27)
FNDA:0,(anonymous_28)
FNDA:0,(anonymous_29)
FNDA:0,(anonymous_30)
FNDA:0,(anonymous_31)
FNDA:0,(anonymous_32)
FNDA:0,(anonymous_33)
FNDA:0,(anonymous_34)
FNDA:0,(anonymous_35)
FNDA:0,(anonymous_36)
FNDA:0,(anonymous_37)
FNDA:0,(anonymous_38)
FNDA:0,(anonymous_39)
FNDA:0,(anonymous_40)
FNDA:0,(anonymous_41)
FNDA:0,(anonymous_42)
FNDA:0,(anonymous_43)
FNDA:0,(anonymous_44)
FNDA:0,(anonymous_45)
DA:63,0
DA:64,0
DA:68,0
DA:71,0
DA:72,0
DA:82,0
DA:93,0
DA:98,0
DA:124,0
DA:126,0
DA:134,0
DA:135,0
DA:138,0
DA:139,0
DA:154,0
DA:155,0
DA:156,0
DA:158,0
DA:159,0
DA:160,0
DA:164,0
DA:169,0
DA:171,0
DA:172,0
DA:175,0
DA:176,0
DA:179,0
DA:181,0
DA:182,0
DA:185,0
DA:190,0
DA:192,0
DA:194,0
DA:196,0
DA:199,0
DA:200,0
DA:201,0
DA:203,0
DA:208,0
DA:209,0
DA:210,0
DA:211,0
DA:212,0
DA:213,0
DA:217,0
DA:218,0
DA:221,0
DA:222,0
DA:225,0
DA:230,0
DA:231,0
DA:232,0
DA:233,0
DA:236,0
DA:237,0
DA:238,0
DA:242,0
DA:245,0
DA:249,0
DA:250,0
DA:252,0
DA:253,0
DA:254,0
DA:256,0
DA:260,0
DA:261,0
DA:266,0
DA:267,0
DA:268,0
DA:270,0
DA:271,0
DA:272,0
DA:275,0
DA:276,0
DA:277,0
DA:278,0
DA:279,0
DA:283,0
DA:284,0
DA:285,0
DA:286,0
DA:287,0
DA:291,0
DA:292,0
DA:293,0
DA:294,0
DA:301,0
DA:310,0
DA:326,0
DA:328,0
DA:329,0
DA:331,0
DA:337,0
DA:338,0
DA:340,0
DA:341,0
DA:344,0
DA:351,0
DA:360,0
DA:361,0
DA:363,0
DA:364,0
DA:365,0
DA:366,0
DA:367,0
DA:368,0
DA:373,0
DA:374,0
DA:375,0
DA:377,0
DA:378,0
DA:383,0
DA:390,0
DA:397,0
DA:406,0
DA:409,0
DA:410,0
DA:411,0
DA:416,0
DA:423,0
DA:432,0
DA:433,0
DA:435,0
DA:448,0
DA:450,0
DA:451,0
DA:452,0
DA:460,0
DA:467,0
DA:476,0
DA:487,0
DA:490,0
DA:492,0
DA:496,0
DA:498,0
DA:502,0
DA:504,0
DA:508,0
DA:510,0
DA:514,0
DA:517,0
DA:524,0
DA:525,0
DA:526,0
DA:528,0
DA:529,0
DA:531,0
DA:537,0
DA:538,0
DA:543,0
DA:544,0
DA:545,0
DA:546,0
DA:550,0
DA:554,0
DA:565,0
DA:566,0
DA:567,0
DA:575,0
DA:576,0
DA:577,0
DA:582,0
DA:583,0
DA:584,0
DA:585,0
DA:588,0
DA:589,0
DA:593,0
DA:597,0
DA:601,0
DA:602,0
DA:607,0
DA:611,0
DA:615,0
DA:619,0
DA:623,0
DA:624,0
DA:628,0
DA:632,0
DA:645,0
LF:180
LH:0
BRDA:116,0,0,0
BRDA:124,1,0,0
BRDA:124,1,1,0
BRDA:144,2,0,0
BRDA:144,2,1,0
BRDA:154,3,0,0
BRDA:154,3,1,0
BRDA:156,4,0,0
BRDA:156,4,1,0
BRDA:171,5,0,0
BRDA:171,5,1,0
BRDA:179,6,0,0
BRDA:179,6,1,0
BRDA:181,7,0,0
BRDA:181,7,1,0
BRDA:190,8,0,0
BRDA:190,8,1,0
BRDA:190,8,2,0
BRDA:190,8,3,0
BRDA:190,8,4,0
BRDA:199,9,0,0
BRDA:199,9,1,0
BRDA:208,10,0,0
BRDA:208,10,1,0
BRDA:209,11,0,0
BRDA:209,11,1,0
BRDA:210,12,0,0
BRDA:210,12,1,0
BRDA:211,13,0,0
BRDA:211,13,1,0
BRDA:212,14,0,0
BRDA:212,14,1,0
BRDA:217,15,0,0
BRDA:217,15,1,0
BRDA:231,16,0,0
BRDA:231,16,1,0
BRDA:237,17,0,0
BRDA:237,17,1,0
BRDA:237,18,0,0
BRDA:237,18,1,0
BRDA:275,19,0,0
BRDA:275,19,1,0
BRDA:278,20,0,0
BRDA:278,20,1,0
BRDA:283,21,0,0
BRDA:283,21,1,0
BRDA:286,22,0,0
BRDA:286,22,1,0
BRDA:304,23,0,0
BRDA:304,23,1,0
BRDA:328,24,0,0
BRDA:328,24,1,0
BRDA:328,25,0,0
BRDA:328,25,1,0
BRDA:338,26,0,0
BRDA:338,26,1,0
BRDA:341,27,0,0
BRDA:341,27,1,0
BRDA:366,28,0,0
BRDA:366,28,1,0
BRDA:374,29,0,0
BRDA:374,29,1,0
BRDA:426,30,0,0
BRDA:426,30,1,0
BRDA:457,31,0,0
BRDA:457,31,1,0
BRDA:470,32,0,0
BRDA:470,32,1,0
BRDA:490,33,0,0
BRDA:490,33,1,0
BRDA:490,33,2,0
BRDA:490,33,3,0
BRDA:526,34,0,0
BRDA:526,34,1,0
BRDA:528,35,0,0
BRDA:528,35,1,0
BRDA:531,36,0,0
BRDA:531,36,1,0
BRDA:545,37,0,0
BRDA:545,37,1,0
BRDA:555,38,0,0
BRDA:555,38,1,0
BRDA:555,38,2,0
BRF:83
BRH:0
end_of_record
TN:
SF:src/api/optimization/SmartCacheStrategy.ts
FN:61,(anonymous_0)
FN:88,(anonymous_1)
FN:115,(anonymous_2)
FN:158,(anonymous_3)
FN:201,(anonymous_4)
FN:226,(anonymous_5)
FN:247,(anonymous_6)
FN:249,(anonymous_7)
FN:268,(anonymous_8)
FN:284,(anonymous_9)
FN:296,(anonymous_10)
FN:315,(anonymous_11)
FN:337,(anonymous_12)
FN:341,(anonymous_13)
FN:346,(anonymous_14)
FN:353,(anonymous_15)
FN:356,(anonymous_16)
FN:366,(anonymous_17)
FN:369,(anonymous_18)
FN:370,(anonymous_19)
FN:377,(anonymous_20)
FN:381,(anonymous_21)
FN:386,(anonymous_22)
FN:391,(anonymous_23)
FN:393,(anonymous_24)
FN:398,(anonymous_25)
FN:402,(anonymous_26)
FN:403,(anonymous_27)
FN:407,(anonymous_28)
FN:421,(anonymous_29)
FN:423,(anonymous_30)
FN:429,(anonymous_31)
FN:435,(anonymous_32)
FN:440,(anonymous_33)
FN:442,(anonymous_34)
FN:447,(anonymous_35)
FN:463,(anonymous_36)
FN:476,(anonymous_37)
FN:481,(anonymous_38)
FN:485,(anonymous_39)
FN:489,(anonymous_40)
FN:499,(anonymous_41)
FN:515,(anonymous_42)
FN:524,(anonymous_43)
FN:532,(anonymous_44)
FN:534,(anonymous_45)
FNF:46
FNH:0
FNDA:0,(anonymous_0)
FNDA:0,(anonymous_1)
FNDA:0,(anonymous_2)
FNDA:0,(anonymous_3)
FNDA:0,(anonymous_4)
FNDA:0,(anonymous_5)
FNDA:0,(anonymous_6)
FNDA:0,(anonymous_7)
FNDA:0,(anonymous_8)
FNDA:0,(anonymous_9)
FNDA:0,(anonymous_10)
FNDA:0,(anonymous_11)
FNDA:0,(anonymous_12)
FNDA:0,(anonymous_13)
FNDA:0,(anonymous_14)
FNDA:0,(anonymous_15)
FNDA:0,(anonymous_16)
FNDA:0,(anonymous_17)
FNDA:0,(anonymous_18)
FNDA:0,(anonymous_19)
FNDA:0,(anonymous_20)
FNDA:0,(anonymous_21)
FNDA:0,(anonymous_22)
FNDA:0,(anonymous_23)
FNDA:0,(anonymous_24)
FNDA:0,(anonymous_25)
FNDA:0,(anonymous_26)
FNDA:0,(anonymous_27)
FNDA:0,(anonymous_28)
FNDA:0,(anonymous_29)
FNDA:0,(anonymous_30)
FNDA:0,(anonymous_31)
FNDA:0,(anonymous_32)
FNDA:0,(anonymous_33)
FNDA:0,(anonymous_34)
FNDA:0,(anonymous_35)
FNDA:0,(anonymous_36)
FNDA:0,(anonymous_37)
FNDA:0,(anonymous_38)
FNDA:0,(anonymous_39)
FNDA:0,(anonymous_40)
FNDA:0,(anonymous_41)
FNDA:0,(anonymous_42)
FNDA:0,(anonymous_43)
FNDA:0,(anonymous_44)
FNDA:0,(anonymous_45)
DA:54,0
DA:55,0
DA:59,0
DA:62,0
DA:63,0
DA:74,0
DA:85,0
DA:89,0
DA:92,0
DA:93,0
DA:94,0
DA:95,0
DA:96,0
DA:97,0
DA:98,0
DA:101,0
DA:105,0
DA:108,0
DA:109,0
DA:112,0
DA:116,0
DA:118,0
DA:120,0
DA:121,0
DA:122,0
DA:123,0
DA:127,0
DA:128,0
DA:129,0
DA:130,0
DA:131,0
DA:134,0
DA:135,0
DA:136,0
DA:139,0
DA:143,0
DA:144,0
DA:145,0
DA:147,0
DA:148,0
DA:151,0
DA:152,0
DA:155,0
DA:167,0
DA:168,0
DA:169,0
DA:172,0
DA:173,0
DA:174,0
DA:175,0
DA:178,0
DA:191,0
DA:193,0
DA:194,0
DA:195,0
DA:198,0
DA:202,0
DA:203,0
DA:205,0
DA:206,0
DA:210,0
DA:212,0
DA:213,0
DA:215,0
DA:216,0
DA:218,0
DA:219,0
DA:221,0
DA:222,0
DA:227,0
DA:228,0
DA:230,0
DA:231,0
DA:232,0
DA:233,0
DA:234,0
DA:236,0
DA:240,0
DA:241,0
DA:242,0
DA:243,0
DA:248,0
DA:249,0
DA:251,0
DA:252,0
DA:254,0
DA:255,0
DA:256,0
DA:258,0
DA:261,0
DA:262,0
DA:263,0
DA:264,0
DA:269,0
DA:271,0
DA:272,0
DA:273,0
DA:277,0
DA:278,0
DA:279,0
DA:280,0
DA:291,0
DA:292,0
DA:295,0
DA:296,0
DA:298,0
DA:300,0
DA:302,0
DA:303,0
DA:304,0
DA:308,0
DA:310,0
DA:314,0
DA:315,0
DA:317,0
DA:318,0
DA:320,0
DA:321,0
DA:322,0
DA:323,0
DA:324,0
DA:326,0
DA:330,0
DA:331,0
DA:332,0
DA:333,0
DA:338,0
DA:342,0
DA:343,0
DA:347,0
DA:348,0
DA:349,0
DA:354,0
DA:355,0
DA:356,0
DA:358,0
DA:359,0
DA:360,0
DA:361,0
DA:365,0
DA:366,0
DA:368,0
DA:369,0
DA:370,0
DA:371,0
DA:373,0
DA:378,0
DA:383,0
DA:388,0
DA:393,0
DA:394,0
DA:400,0
DA:401,0
DA:402,0
DA:403,0
DA:407,0
DA:418,0
DA:422,0
DA:423,0
DA:426,0
DA:431,0
DA:432,0
DA:437,0
DA:442,0
DA:443,0
DA:449,0
DA:452,0
DA:455,0
DA:458,0
DA:459,0
DA:464,0
DA:465,0
DA:470,0
DA:472,0
DA:477,0
DA:478,0
DA:482,0
DA:486,0
DA:490,0
DA:491,0
DA:492,0
DA:493,0
DA:494,0
DA:496,0
DA:500,0
DA:501,0
DA:502,0
DA:512,0
DA:516,0
DA:519,0
DA:520,0
DA:529,0
DA:531,0
DA:532,0
DA:534,0
DA:541,0
DA:543,0
DA:544,0
DA:547,0
DA:548,0
DA:551,0
DA:552,0
DA:555,0
DA:563,0
LF:204
LH:0
BRDA:89,0,0,0
BRDA:89,0,1,0
BRDA:94,1,0,0
BRDA:94,1,1,0
BRDA:97,2,0,0
BRDA:97,2,1,0
BRDA:108,3,0,0
BRDA:108,3,1,0
BRDA:120,4,0,0
BRDA:120,4,1,0
BRDA:127,5,0,0
BRDA:127,5,1,0
BRDA:134,6,0,0
BRDA:134,6,1,0
BRDA:173,7,0,0
BRDA:173,7,1,0
BRDA:173,8,0,0
BRDA:173,8,1,0
BRDA:182,9,0,0
BRDA:182,9,1,0
BRDA:205,10,0,0
BRDA:205,10,1,0
BRDA:210,11,0,0
BRDA:210,11,1,0
BRDA:210,11,2,0
BRDA:210,11,3,0
BRDA:232,12,0,0
BRDA:232,12,1,0
BRDA:236,13,0,0
BRDA:236,13,1,0
BRDA:258,14,0,0
BRDA:258,14,1,0
BRDA:272,15,0,0
BRDA:272,15,1,0
BRDA:300,16,0,0
BRDA:300,16,1,0
BRDA:322,17,0,0
BRDA:322,17,1,0
BRDA:326,18,0,0
BRDA:326,18,1,0
BRDA:348,19,0,0
BRDA:348,19,1,0
BRDA:359,20,0,0
BRDA:359,20,1,0
BRDA:368,21,0,0
BRDA:368,21,1,0
BRDA:402,22,0,0
BRDA:402,22,1,0
BRDA:409,23,0,0
BRDA:409,23,1,0
BRDA:423,24,0,0
BRDA:423,24,1,0
BRDA:458,25,0,0
BRDA:458,25,1,0
BRDA:458,26,0,0
BRDA:458,26,1,0
BRDA:491,27,0,0
BRDA:491,27,1,0
BRDA:519,28,0,0
BRDA:519,28,1,0
BRDA:538,29,0,0
BRDA:538,29,1,0
BRDA:543,30,0,0
BRDA:543,30,1,0
BRDA:547,31,0,0
BRDA:547,31,1,0
BRDA:547,32,0,0
BRDA:547,32,1,0
BRDA:551,33,0,0
BRDA:551,33,1,0
BRF:70
BRH:0
end_of_record
TN:
SF:src/api/services/AnalyticsAPIClient.ts
FN:168,(anonymous_1)
FN:186,(anonymous_2)
FN:198,(anonymous_3)
FN:208,(anonymous_4)
FN:218,(anonymous_5)
FN:233,(anonymous_6)
FN:250,(anonymous_7)
FN:268,(anonymous_8)
FN:280,(anonymous_9)
FN:313,(anonymous_10)
FN:342,(anonymous_11)
FN:385,(anonymous_12)
FN:406,(anonymous_13)
FN:432,(anonymous_14)
FN:444,(anonymous_15)
FN:477,(anonymous_16)
FN:517,(anonymous_17)
FN:553,(anonymous_18)
FN:563,(anonymous_19)
FN:568,(anonymous_20)
FN:572,(anonymous_21)
FN:577,(anonymous_22)
FN:589,(anonymous_23)
FNF:23
FNH:0
FNDA:0,(anonymous_1)
FNDA:0,(anonymous_2)
FNDA:0,(anonymous_3)
FNDA:0,(anonymous_4)
FNDA:0,(anonymous_5)
FNDA:0,(anonymous_6)
FNDA:0,(anonymous_7)
FNDA:0,(anonymous_8)
FNDA:0,(anonymous_9)
FNDA:0,(anonymous_10)
FNDA:0,(anonymous_11)
FNDA:0,(anonymous_12)
FNDA:0,(anonymous_13)
FNDA:0,(anonymous_14)
FNDA:0,(anonymous_15)
FNDA:0,(anonymous_16)
FNDA:0,(anonymous_17)
FNDA:0,(anonymous_18)
FNDA:0,(anonymous_19)
FNDA:0,(anonymous_20)
FNDA:0,(anonymous_21)
FNDA:0,(anonymous_22)
FNDA:0,(anonymous_23)
DA:1,0
DA:169,0
DA:187,0
DA:188,0
DA:199,0
DA:209,0
DA:219,0
DA:230,0
DA:238,0
DA:255,0
DA:269,0
DA:285,0
DA:287,0
DA:288,0
DA:299,0
DA:308,0
DA:324,0
DA:339,0
DA:357,0
DA:382,0
DA:390,0
DA:403,0
DA:412,0
DA:428,0
DA:433,0
DA:441,0
DA:455,0
DA:473,0
DA:492,0
DA:513,0
DA:528,0
DA:549,0
DA:555,0
DA:556,0
DA:557,0
DA:558,0
DA:560,0
DA:565,0
DA:569,0
DA:573,0
DA:578,0
DA:586,0
DA:590,0
DA:594,0
LF:44
LH:0
BRDA:170,0,0,0
BRDA:170,0,1,0
BRDA:192,1,0,0
BRDA:192,1,1,0
BRDA:285,2,0,0
BRDA:285,2,1,0
BRDA:287,3,0,0
BRDA:287,3,1,0
BRDA:387,4,0,0
BRDA:388,5,0,0
BRDA:410,6,0,0
BRDA:556,7,0,0
BRDA:556,7,1,0
BRDA:565,8,0,0
BRDA:565,8,1,0
BRF:15
BRH:0
end_of_record
TN:

FN:69,(anonymous_0)
FN:88,(anonymous_1)
FN:98,(anonymous_2)
FN:105,(anonymous_3)
FN:151,(anonymous_4)
FN:184,(anonymous_5)
FN:223,(anonymous_6)
FN:246,(anonymous_7)
FN:262,(anonymous_8)
FN:287,(anonymous_9)
FN:306,(anonymous_10)
FN:319,(anonymous_11)
FN:323,(anonymous_12)
FN:327,(anonymous_13)
FN:332,(anonymous_14)
FNF:15
FNH:0
FNDA:0,(anonymous_0)
FNDA:0,(anonymous_1)
FNDA:0,(anonymous_2)
FNDA:0,(anonymous_3)
FNDA:0,(anonymous_4)
FNDA:0,(anonymous_5)
FNDA:0,(anonymous_6)
FNDA:0,(anonymous_7)
FNDA:0,(anonymous_8)
FNDA:0,(anonymous_9)
FNDA:0,(anonymous_10)
FNDA:0,(anonymous_11)
FNDA:0,(anonymous_12)
FNDA:0,(anonymous_13)
FNDA:0,(anonymous_14)
DA:67,0
DA:70,0
DA:89,0
DA:99,0
DA:102,0
DA:116,0
DA:133,0
DA:134,0
DA:140,0
DA:148,0
DA:163,0
DA:178,0
DA:179,0
DA:180,0
DA:194,0
DA:205,0
DA:206,0
DA:212,0
DA:220,0
DA:227,0
DA:235,0
DA:236,0
DA:243,0
DA:251,0
DA:256,0
DA:257,0
DA:259,0
DA:271,0
DA:272,0
DA:275,0
DA:276,0
DA:279,0
DA:281,0
DA:288,0
DA:303,0
DA:307,0
DA:316,0
DA:320,0
DA:324,0
DA:328,0
DA:332,0
DA:333,0
LF:42
LH:0
BRDA:99,0,0,0
BRDA:99,0,1,0
BRDA:124,1,0,0
BRDA:124,1,1,0
BRDA:125,2,0,0
BRDA:125,2,1,0
BRDA:126,3,0,0
BRDA:126,3,1,0
BRDA:127,4,0,0
BRDA:127,4,1,0
BRDA:133,5,0,0
BRDA:133,5,1,0
BRDA:171,6,0,0
BRDA:171,6,1,0
BRDA:172,7,0,0
BRDA:172,7,1,0
BRDA:173,8,0,0
BRDA:173,8,1,0
BRDA:174,9,0,0
BRDA:174,9,1,0
BRDA:179,10,0,0
BRDA:179,10,1,0
BRDA:197,11,0,0
BRDA:197,11,1,0
BRDA:198,12,0,0
BRDA:198,12,1,0
BRDA:199,13,0,0
BRDA:199,13,1,0
BRDA:200,14,0,0
BRDA:200,14,1,0
BRDA:205,15,0,0
BRDA:205,15,1,0
BRDA:235,16,0,0
BRDA:235,16,1,0
BRDA:249,17,0,0
BRDA:252,18,0,0
BRDA:252,18,1,0
BRDA:271,19,0,0
BRDA:271,19,1,0
BRDA:276,20,0,0
BRDA:276,20,1,0
BRDA:303,21,0,0
BRDA:303,21,1,0
BRDA:316,22,0,0
BRDA:316,22,1,0
BRF:45
BRH:0
end_of_record
TN:
SF:src/api/services/SEOAPIClient.ts
FN:117,(anonymous_1)
FN:135,(anonymous_2)
FN:143,(anonymous_3)
FN:164,(anonymous_4)
FN:183,(anonymous_5)
FN:206,(anonymous_6)
FN:219,(anonymous_7)
FN:232,(anonymous_8)
FN:255,(anonymous_9)
FN:274,(anonymous_10)
FN:292,(anonymous_11)
FN:318,(anonymous_12)
FN:331,(anonymous_13)
FN:351,(anonymous_14)
FN:370,(anonymous_15)
FN:396,(anonymous_16)
FN:417,(anonymous_17)
FN:451,(anonymous_18)
FN:481,(anonymous_19)
FN:493,(anonymous_20)
FNF:20
FNH:0
FNDA:0,(anonymous_1)
FNDA:0,(anonymous_2)
FNDA:0,(anonymous_3)
FNDA:0,(anonymous_4)
FNDA:0,(anonymous_5)
FNDA:0,(anonymous_6)
FNDA:0,(anonymous_7)
FNDA:0,(anonymous_8)
FNDA:0,(anonymous_9)
FNDA:0,(anonymous_10)
FNDA:0,(anonymous_11)
FNDA:0,(anonymous_12)
FNDA:0,(anonymous_13)
FNDA:0,(anonymous_14)
FNDA:0,(anonymous_15)
FNDA:0,(anonymous_16)
FNDA:0,(anonymous_17)
FNDA:0,(anonymous_18)
FNDA:0,(anonymous_19)
FNDA:0,(anonymous_20)
DA:1,0
DA:118,0
DA:136,0
DA:137,0
DA:139,0
DA:148,0
DA:161,0
DA:168,0
DA:180,0
DA:187,0
DA:202,0
DA:207,0
DA:216,0
DA:220,0
DA:229,0
DA:237,0
DA:251,0
DA:259,0
DA:271,0
DA:278,0
DA:289,0
DA:299,0
DA:314,0
DA:319,0
DA:328,0
DA:335,0
DA:347,0
DA:355,0
DA:367,0
DA:379,0
DA:392,0
DA:401,0
DA:414,0
DA:428,0
DA:447,0
DA:461,0
DA:477,0
DA:482,0
DA:490,0
DA:494,0
DA:498,0
LF:41
LH:0
BRDA:119,0,0,0
BRDA:119,0,1,0
BRDA:136,1,0,0
BRDA:136,1,1,0
BRDA:145,2,0,0
BRDA:166,3,0,0
BRDA:257,4,0,0
BRF:7
BRH:0
end_of_record
TN:
SF:src/compatibility/analytics/CrossPlatformAnalyzer.ts
FN:212,(anonymous_0)
FN:233,(anonymous_1)
FN:246,(anonymous_2)
FN:282,(anonymous_3)
FN:390,(anonymous_4)
FN:430,(anonymous_5)
FN:484,(anonymous_6)
FN:512,(anonymous_7)
FN:556,(anonymous_8)
FN:561,(anonymous_9)
FN:568,(anonymous_10)
FN:581,(anonymous_11)
FN:592,(anonymous_12)
FN:608,(anonymous_13)
FN:624,(anonymous_14)
FN:678,(anonymous_15)
FN:696,(anonymous_16)
FN:709,(anonymous_17)
FN:726,(anonymous_18)
FN:747,(anonymous_19)
FN:762,(anonymous_20)
FN:772,(anonymous_21)
FN:783,(anonymous_22)
FN:789,(anonymous_23)
FN:794,(anonymous_24)
FN:795,(anonymous_25)
FN:804,(anonymous_26)
FN:819,(anonymous_27)
FN:829,(anonymous_28)
FN:830,(anonymous_29)
FN:839,(anonymous_30)
FN:864,(anonymous_31)
FN:865,(anonymous_32)
FN:874,(anonymous_33)
FN:897,(anonymous_34)
FN:903,(anonymous_35)
FN:907,(anonymous_36)
FN:935,(anonymous_37)
FN:951,(anonymous_38)
FN:1015,(anonymous_39)
FN:1017,(anonymous_40)
FN:1017,(anonymous_41)
FN:1018,(anonymous_42)
FN:1023,(anonymous_43)
FN:1026,(anonymous_44)
FN:1031,(anonymous_45)
FN:1032,(anonymous_46)
FN:1034,(anonymous_47)
FN:1035,(anonymous_48)
FN:1038,(anonymous_49)
FN:1039,(anonymous_50)
FN:1061,(anonymous_51)
FN:1065,(anonymous_52)
FN:1072,(anonymous_53)
FN:1073,(anonymous_54)
FN:1079,(anonymous_55)
FN:1086,(anonymous_56)
FN:1087,(anonymous_57)
FN:1092,(anonymous_58)
FN:1109,(anonymous_59)
FN:1110,(anonymous_60)
FN:1111,(anonymous_61)
FN:1125,(anonymous_62)
FN:1126,(anonymous_63)
FN:1127,(anonymous_64)
FN:1128,(anonymous_65)
FN:1131,(anonymous_66)
FN:1134,(anonymous_67)
FN:1135,(anonymous_68)
FN:1182,(anonymous_69)
FN:1230,(anonymous_70)
FN:1246,(anonymous_71)
FN:1261,(anonymous_72)
FN:1276,(anonymous_73)
FN:1277,(anonymous_74)
FN:1278,(anonymous_75)
FN:1299,(anonymous_76)
FN:1326,(anonymous_77)
FN:1333,(anonymous_78)
FN:1341,(anonymous_79)
FN:1342,(anonymous_80)
FN:1345,(anonymous_81)
FN:1348,(anonymous_82)
FN:1366,(anonymous_83)
FN:1371,(anonymous_84)
FN:1374,(anonymous_85)
FN:1376,(anonymous_86)
FN:1376,(anonymous_87)
FN:1390,(anonymous_88)
FN:1392,(anonymous_89)
FN:1394,(anonymous_90)
FN:1394,(anonymous_91)
FN:1400,(anonymous_92)
FN:1403,(anonymous_93)
FN:1422,(anonymous_94)
FN:1425,(anonymous_95)
FN:1442,(anonymous_96)
FN:1454,(anonymous_97)
FN:1459,(anonymous_98)
FN:1474,(anonymous_99)
FN:1481,(anonymous_100)
FN:1500,(anonymous_101)
FN:1505,(anonymous_102)
FN:1507,(anonymous_103)
FN:1513,(anonymous_104)
FN:1515,(anonymous_105)
FNF:106
FNH:0
FNDA:0,(anonymous_0)
FNDA:0,(anonymous_1)
FNDA:0,(anonymous_2)
FNDA:0,(anonymous_3)
FNDA:0,(anonymous_4)
FNDA:0,(anonymous_5)
FNDA:0,(anonymous_6)
FNDA:0,(anonymous_7)
FNDA:0,(anonymous_8)
FNDA:0,(anonymous_9)
FNDA:0,(anonymous_10)
FNDA:0,(anonymous_11)
FNDA:0,(anonymous_12)
FNDA:0,(anonymous_13)
FNDA:0,(anonymous_14)
FNDA:0,(anonymous_15)
FNDA:0,(anonymous_16)
FNDA:0,(anonymous_17)
FNDA:0,(anonymous_18)
FNDA:0,(anonymous_19)
FNDA:0,(anonymous_20)
FNDA:0,(anonymous_21)
FNDA:0,(anonymous_22)
FNDA:0,(anonymous_23)
FNDA:0,(anonymous_24)
FNDA:0,(anonymous_25)
FNDA:0,(anonymous_26)
FNDA:0,(anonymous_27)
FNDA:0,(anonymous_28)
FNDA:0,(anonymous_29)
FNDA:0,(anonymous_30)
FNDA:0,(anonymous_31)
FNDA:0,(anonymous_32)
FNDA:0,(anonymous_33)
FNDA:0,(anonymous_34)
FNDA:0,(anonymous_35)
FNDA:0,(anonymous_36)
FNDA:0,(anonymous_37)
FNDA:0,(anonymous_38)
FNDA:0,(anonymous_39)
FNDA:0,(anonymous_40)
FNDA:0,(anonymous_41)
FNDA:0,(anonymous_42)
FNDA:0,(anonymous_43)
FNDA:0,(anonymous_44)
FNDA:0,(anonymous_45)
FNDA:0,(anonymous_46)
FNDA:0,(anonymous_47)
FNDA:0,(anonymous_48)
FNDA:0,(anonymous_49)
FNDA:0,(anonymous_50)
FNDA:0,(anonymous_51)
FNDA:0,(anonymous_52)
FNDA:0,(anonymous_53)
FNDA:0,(anonymous_54)
FNDA:0,(anonymous_55)
FNDA:0,(anonymous_56)
FNDA:0,(anonymous_57)
FNDA:0,(anonymous_58)
FNDA:0,(anonymous_59)
FNDA:0,(anonymous_60)
FNDA:0,(anonymous_61)
FNDA:0,(anonymous_62)
FNDA:0,(anonymous_63)
FNDA:0,(anonymous_64)
FNDA:0,(anonymous_65)
FNDA:0,(anonymous_66)
FNDA:0,(anonymous_67)
FNDA:0,(anonymous_68)
FNDA:0,(anonymous_69)
FNDA:0,(anonymous_70)
FNDA:0,(anonymous_71)
FNDA:0,(anonymous_72)
FNDA:0,(anonymous_73)
FNDA:0,(anonymous_74)
FNDA:0,(anonymous_75)
FNDA:0,(anonymous_76)
FNDA:0,(anonymous_77)
FNDA:0,(anonymous_78)
FNDA:0,(anonymous_79)
FNDA:0,(anonymous_80)
FNDA:0,(anonymous_81)
FNDA:0,(anonymous_82)
FNDA:0,(anonymous_83)
FNDA:0,(anonymous_84)
FNDA:0,(anonymous_85)
FNDA:0,(anonymous_86)
FNDA:0,(anonymous_87)
FNDA:0,(anonymous_88)
FNDA:0,(anonymous_89)
FNDA:0,(anonymous_90)
FNDA:0,(anonymous_91)
FNDA:0,(anonymous_92)
FNDA:0,(anonymous_93)
FNDA:0,(anonymous_94)
FNDA:0,(anonymous_95)
FNDA:0,(anonymous_96)
FNDA:0,(anonymous_97)
FNDA:0,(anonymous_98)
FNDA:0,(anonymous_99)
FNDA:0,(anonymous_100)
FNDA:0,(anonymous_101)
FNDA:0,(anonymous_102)
FNDA:0,(anonymous_103)
FNDA:0,(anonymous_104)
FNDA:0,(anonymous_105)
DA:206,0
DA:207,0
DA:208,0
DA:209,0
DA:210,0
DA:213,0
DA:228,0
DA:234,0
DA:237,0
DA:240,0
DA:243,0
DA:249,0
DA:257,0
DA:265,0
DA:273,0
DA:285,0
DA:318,0
DA:356,0
DA:393,0
DA:402,0
DA:411,0
DA:431,0
DA:432,0
DA:434,0
DA:436,0
DA:439,0
DA:442,0
DA:445,0
DA:448,0
DA:451,0
DA:454,0
DA:457,0
DA:460,0
DA:462,0
DA:474,0
DA:475,0
DA:477,0
DA:479,0
DA:480,0
DA:486,0
DA:513,0
DA:514,0
DA:515,0
DA:517,0
DA:519,0
DA:520,0
DA:547,0
DA:551,0
DA:552,0
DA:556,0
DA:557,0
DA:558,0
DA:562,0
DA:563,0
DA:564,0
DA:565,0
DA:569,0
DA:570,0
DA:572,0
DA:573,0
DA:575,0
DA:576,0
DA:577,0
DA:578,0
DA:582,0
DA:583,0
DA:584,0
DA:585,0
DA:586,0
DA:587,0
DA:588,0
DA:593,0
DA:595,0
DA:596,0
DA:597,0
DA:600,0
DA:601,0
DA:602,0
DA:605,0
DA:609,0
DA:611,0
DA:612,0
DA:613,0
DA:616,0
DA:617,0
DA:618,0
DA:621,0
DA:625,0
DA:628,0
DA:629,0
DA:630,0
DA:631,0
DA:639,0
DA:644,0
DA:645,0
DA:646,0
DA:647,0
DA:655,0
DA:660,0
DA:661,0
DA:662,0
DA:663,0
DA:671,0
DA:675,0
DA:679,0
DA:693,0
DA:697,0
DA:706,0
DA:710,0
DA:723,0
DA:727,0
DA:735,0
DA:742,0
DA:743,0
DA:744,0
DA:749,0
DA:759,0
DA:764,0
DA:773,0
DA:780,0
DA:784,0
DA:785,0
DA:786,0
DA:790,0
DA:793,0
DA:794,0
DA:795,0
DA:796,0
DA:799,0
DA:800,0
DA:804,0
DA:819,0
DA:823,0
DA:828,0
DA:829,0
DA:830,0
DA:831,0
DA:834,0
DA:835,0
DA:839,0
DA:858,0
DA:863,0
DA:864,0
DA:865,0
DA:866,0
DA:869,0
DA:870,0
DA:874,0
DA:893,0
DA:897,0
DA:898,0
DA:899,0
DA:904,0
DA:907,0
DA:908,0
DA:909,0
DA:935,0
DA:936,0
DA:937,0
DA:951,0
DA:963,0
DA:988,0
DA:1012,0
DA:1016,0
DA:1017,0
DA:1018,0
DA:1020,0
DA:1024,0
DA:1025,0
DA:1026,0
DA:1028,0
DA:1032,0
DA:1033,0
DA:1034,0
DA:1035,0
DA:1037,0
DA:1038,0
DA:1039,0
DA:1041,0
DA:1043,0
DA:1062,0
DA:1063,0
DA:1065,0
DA:1066,0
DA:1069,0
DA:1073,0
DA:1074,0
DA:1075,0
DA:1076,0
DA:1080,0
DA:1081,0
DA:1082,0
DA:1083,0
DA:1087,0
DA:1088,0
DA:1089,0
DA:1093,0
DA:1094,0
DA:1095,0
DA:1096,0
DA:1097,0
DA:1099,0
DA:1100,0
DA:1101,0
DA:1102,0
DA:1103,0
DA:1104,0
DA:1107,0
DA:1108,0
DA:1109,0
DA:1110,0
DA:1111,0
DA:1115,0
DA:1126,0
DA:1127,0
DA:1128,0
DA:1133,0
DA:1134,0
DA:1135,0
DA:1138,0
DA:1140,0
DA:1183,0
DA:1184,0
DA:1185,0
DA:1188,0
DA:1191,0
DA:1192,0
DA:1193,0
DA:1194,0
DA:1203,0
DA:1204,0
DA:1205,0
DA:1206,0
DA:1216,0
DA:1217,0
DA:1218,0
DA:1219,0
DA:1227,0
DA:1231,0
DA:1243,0
DA:1247,0
DA:1258,0
DA:1262,0
DA:1273,0
DA:1277,0
DA:1278,0
DA:1279,0
DA:1282,0
DA:1285,0
DA:1286,0
DA:1288,0
DA:1300,0
DA:1302,0
DA:1323,0
DA:1327,0
DA:1334,0
DA:1341,0
DA:1342,0
DA:1346,0
DA:1348,0
DA:1366,0
DA:1372,0
DA:1374,0
DA:1376,0
DA:1390,0
DA:1392,0
DA:1394,0
DA:1401,0
DA:1403,0
DA:1422,0
DA:1426,0
DA:1443,0
DA:1455,0
DA:1460,0
DA:1474,0
DA:1482,0
DA:1501,0
DA:1505,0
DA:1508,0
DA:1513,0
DA:1516,0
LF:281
LH:0
BRDA:430,0,0,0
BRDA:480,1,0,0
BRDA:480,1,1,0
BRDA:514,2,0,0
BRDA:514,2,1,0
BRDA:524,3,0,0
BRDA:524,3,1,0
BRDA:562,4,0,0
BRDA:562,4,1,0
BRDA:563,5,0,0
BRDA:563,5,1,0
BRDA:563,6,0,0
BRDA:563,6,1,0
BRDA:563,6,2,0
BRDA:564,7,0,0
BRDA:564,7,1,0
BRDA:570,8,0,0
BRDA:570,8,1,0
BRDA:572,9,0,0
BRDA:572,9,1,0
BRDA:575,10,0,0
BRDA:575,10,1,0
BRDA:575,11,0,0
BRDA:575,11,1,0
BRDA:576,12,0,0
BRDA:576,12,1,0
BRDA:576,13,0,0
BRDA:576,13,1,0
BRDA:577,14,0,0
BRDA:577,14,1,0
BRDA:583,15,0,0
BRDA:583,15,1,0
BRDA:583,15,2,0
BRDA:583,15,3,0
BRDA:583,15,4,0
BRDA:595,16,0,0
BRDA:595,16,1,0
BRDA:600,17,0,0
BRDA:600,17,1,0
BRDA:611,18,0,0
BRDA:611,18,1,0
BRDA:616,19,0,0
BRDA:616,19,1,0
BRDA:629,20,0,0
BRDA:629,20,1,0
BRDA:633,21,0,0
BRDA:633,21,1,0
BRDA:645,22,0,0
BRDA:645,22,1,0
BRDA:649,23,0,0
BRDA:649,23,1,0
BRDA:661,24,0,0
BRDA:661,24,1,0
BRDA:665,25,0,0
BRDA:665,25,1,0
BRDA:693,26,0,0
BRDA:693,26,1,0
BRDA:706,27,0,0
BRDA:706,27,1,0
BRDA:723,28,0,0
BRDA:723,28,1,0
BRDA:742,29,0,0
BRDA:742,29,1,0
BRDA:743,30,0,0
BRDA:743,30,1,0
BRDA:759,31,0,0
BRDA:759,31,1,0
BRDA:780,32,0,0
BRDA:780,32,1,0
BRDA:784,33,0,0
BRDA:784,33,1,0
BRDA:785,34,0,0
BRDA:785,34,1,0
BRDA:796,35,0,0
BRDA:796,35,1,0
BRDA:799,36,0,0
BRDA:799,36,1,0
BRDA:802,37,0,0
BRDA:802,37,1,0
BRDA:831,38,0,0
BRDA:831,38,1,0
BRDA:834,39,0,0
BRDA:834,39,1,0
BRDA:866,40,0,0
BRDA:866,40,1,0
BRDA:869,41,0,0
BRDA:869,41,1,0
BRDA:872,42,0,0
BRDA:872,42,1,0
BRDA:872,43,0,0
BRDA:872,43,1,0
BRDA:889,44,0,0
BRDA:889,44,1,0
BRDA:908,45,0,0
BRDA:908,45,1,0
BRDA:936,46,0,0
BRDA:936,46,1,0
BRDA:1063,47,0,0
BRDA:1063,47,1,0
BRDA:1066,48,0,0
BRDA:1066,48,1,0
BRDA:1073,49,0,0
BRDA:1073,49,1,0
BRDA:1074,50,0,0
BRDA:1074,50,1,0
BRDA:1075,51,0,0
BRDA:1075,51,1,0
BRDA:1081,52,0,0
BRDA:1081,52,1,0
BRDA:1082,53,0,0
BRDA:1082,53,1,0
BRDA:1087,54,0,0
BRDA:1087,54,1,0
BRDA:1088,55,0,0
BRDA:1088,55,1,0
BRDA:1100,56,0,0
BRDA:1100,56,1,0
BRDA:1101,57,0,0
BRDA:1101,57,1,0
BRDA:1102,58,0,0
BRDA:1102,58,1,0
BRDA:1109,59,0,0
BRDA:1109,59,1,0
BRDA:1109,60,0,0
BRDA:1109,60,1,0
BRDA:1109,61,0,0
BRDA:1109,61,1,0
BRDA:1110,62,0,0
BRDA:1110,62,1,0
BRDA:1110,63,0,0
BRDA:1110,63,1,0
BRDA:1110,64,0,0
BRDA:1110,64,1,0
BRDA:1134,65,0,0
BRDA:1134,65,1,0
BRDA:1149,66,0,0
BRDA:1149,66,1,0
BRDA:1192,67,0,0
BRDA:1192,67,1,0
BRDA:1204,68,0,0
BRDA:1204,68,1,0
BRDA:1217,69,0,0
BRDA:1217,69,1,0
BRDA:1243,70,0,0
BRDA:1243,70,1,0
BRDA:1258,71,0,0
BRDA:1258,71,1,0
BRDA:1273,72,0,0
BRDA:1273,72,1,0
BRDA:1279,73,0,0
BRDA:1279,73,1,0
BRDA:1280,74,0,0
BRDA:1280,74,1,0
BRDA:1281,75,0,0
BRDA:1281,75,1,0
BRDA:1360,76,0,0
BRDA:1360,76,1,0
BRDA:1361,77,0,0
BRDA:1361,77,1,0
BRDA:1362,78,0,0
BRDA:1362,78,1,0
BRDA:1364,79,0,0
BRDA:1364,79,1,0
BRDA:1387,80,0,0
BRDA:1387,80,1,0
BRDA:1516,81,0,0
BRDA:1516,81,1,0
BRF:167
BRH:0
end_of_record
TN:
SF:src/components/CompatibilityDashboard.tsx
FN:13,(anonymous_9)
FN:14,(anonymous_10)
FN:20,(anonymous_11)
FN:33,(anonymous_12)
FN:46,(anonymous_13)
FN:50,(anonymous_14)
FN:56,(anonymous_15)
FN:164,(anonymous_16)
FN:167,(anonymous_17)
FN:200,(anonymous_18)
FN:241,(anonymous_19)
FN:276,(anonymous_20)
FN:315,(anonymous_21)
FN:319,(anonymous_22)
FNF:14
FNH:0
FNDA:0,(anonymous_9)
FNDA:0,(anonymous_10)
FNDA:0,(anonymous_11)
FNDA:0,(anonymous_12)
FNDA:0,(anonymous_13)
FNDA:0,(anonymous_14)
FNDA:0,(anonymous_15)
FNDA:0,(anonymous_16)
FNDA:0,(anonymous_17)
FNDA:0,(anonymous_18)
FNDA:0,(anonymous_19)
FNDA:0,(anonymous_20)
FNDA:0,(anonymous_21)
FNDA:0,(anonymous_22)
DA:6,0
DA:7,0
DA:13,0
DA:14,0
DA:15,0
DA:16,0
DA:17,0
DA:18,0
DA:20,0
DA:21,0
DA:22,0
DA:23,0
DA:24,0
DA:25,0
DA:27,0
DA:29,0
DA:33,0
DA:34,0
DA:35,0
DA:36,0
DA:38,0
DA:40,0
DA:42,0
DA:46,0
DA:47,0
DA:50,0
DA:51,0
DA:52,0
DA:53,0
DA:56,0
DA:57,0
DA:58,0
DA:59,0
DA:60,0
DA:61,0
DA:65,0
DA:66,0
DA:76,0
DA:77,0
DA:96,0
DA:97,0
DA:110,0
DA:165,0
DA:167,0
DA:200,0
DA:242,0
DA:277,0
DA:316,0
DA:320,0
DA:339,0
LF:50
LH:0
BRDA:13,0,0,0
BRDA:27,1,0,0
BRDA:27,1,1,0
BRDA:34,2,0,0
BRDA:34,2,1,0
BRDA:51,3,0,0
BRDA:51,3,1,0
BRDA:52,4,0,0
BRDA:52,4,1,0
BRDA:57,5,0,0
BRDA:57,5,1,0
BRDA:57,5,2,0
BRDA:57,5,3,0
BRDA:65,6,0,0
BRDA:65,6,1,0
BRDA:76,7,0,0
BRDA:76,7,1,0
BRDA:96,8,0,0
BRDA:96,8,1,0
BRDA:148,9,0,0
BRDA:148,9,1,0
BRDA:148,10,0,0
BRDA:148,10,1,0
BRDA:169,11,0,0
BRDA:169,11,1,0
BRDA:182,12,0,0
BRDA:182,12,1,0
BRDA:211,13,0,0
BRDA:211,13,1,0
BRDA:230,14,0,0
BRDA:230,14,1,0
BRDA:233,15,0,0
BRDA:233,15,1,0
BRDA:265,16,0,0
BRDA:265,16,1,0
BRDA:268,17,0,0
BRDA:268,17,1,0
BRDA:281,18,0,0
BRDA:281,18,1,0
BRDA:282,19,0,0
BRDA:282,19,1,0
BRDA:306,20,0,0
BRDA:306,20,1,0
BRDA:321,21,0,0
BRDA:321,21,1,0
BRDA:323,22,0,0
BRDA:323,22,1,0
BRF:47
BRH:0
end_of_record
TN:
SF:src/components/CMS/NotionProjectGallery.tsx
FN:5,NotionProjectGallery
FN:17,(anonymous_2)
FN:47,(anonymous_3)
FN:70,(anonymous_4)
FN:103,(anonymous_5)
FNF:5
FNH:0
FNDA:0,NotionProjectGallery
FNDA:0,(anonymous_2)
FNDA:0,(anonymous_3)
FNDA:0,(anonymous_4)
FNDA:0,(anonymous_5)
DA:1,0
DA:2,0
DA:3,0
DA:5,0
DA:6,0
DA:7,0
DA:9,0
DA:10,0
DA:18,0
DA:36,0
DA:37,0
DA:47,0
DA:59,0
DA:71,0
DA:104,0
LF:15
LH:0
BRDA:9,0,0,0
BRDA:9,0,1,0
BRDA:36,1,0,0
BRDA:36,1,1,0
BRDA:82,2,0,0
BRDA:82,2,1,0
BRDA:83,3,0,0
BRDA:83,3,1,0
BRDA:84,4,0,0
BRDA:84,4,1,0
BRDA:86,5,0,0
BRDA:86,5,1,0
BRDA:87,6,0,0
BRDA:87,6,1,0
BRF:14
BRH:0
end_of_record
TN:
SF:src/components/NotionContent/NotionBlock.tsx
FN:25,NotionBlock
FN:26,(anonymous_2)
FN:31,(anonymous_3)
FN:63,(anonymous_4)
FN:81,(anonymous_5)
FN:99,(anonymous_6)
FN:117,(anonymous_7)
FN:146,(anonymous_8)
FN:193,(anonymous_9)
FN:235,(anonymous_10)
FN:252,(anonymous_11)
FNF:11
FNH:0
FNDA:0,NotionBlock
FNDA:0,(anonymous_2)
FNDA:0,(anonymous_3)
FNDA:0,(anonymous_4)
FNDA:0,(anonymous_5)
FNDA:0,(anonymous_6)
FNDA:0,(anonymous_7)
FNDA:0,(anonymous_8)
FNDA:0,(anonymous_9)
FNDA:0,(anonymous_10)
FNDA:0,(anonymous_11)
DA:1,0
DA:2,0
DA:25,0
DA:26,0
DA:27,0
DA:29,0
DA:32,0
DA:61,0
DA:64,0
DA:79,0
DA:82,0
DA:97,0
DA:100,0
DA:115,0
DA:118,0
DA:144,0
DA:147,0
DA:173,0
DA:191,0
DA:194,0
DA:209,0
DA:212,0
DA:223,0
DA:236,0
DA:249,0
DA:253,0
DA:265,0
DA:281,0
LF:28
LH:0
BRDA:25,0,0,0
BRDA:27,1,0,0
BRDA:27,1,1,0
BRDA:27,1,2,0
BRDA:27,1,3,0
BRDA:27,1,4,0
BRDA:27,1,5,0
BRDA:27,1,6,0
BRDA:27,1,7,0
BRDA:27,1,8,0
BRDA:27,1,9,0
BRDA:27,1,10,0
BRDA:27,1,11,0
BRDA:27,1,12,0
BRDA:35,2,0,0
BRDA:35,2,1,0
BRDA:36,3,0,0
BRDA:36,3,1,0
BRDA:37,4,0,0
BRDA:37,4,1,0
BRDA:38,5,0,0
BRDA:38,5,1,0
BRDA:39,6,0,0
BRDA:39,6,1,0
BRDA:40,7,0,0
BRDA:40,7,1,0
BRDA:43,8,0,0
BRDA:43,8,1,0
BRDA:67,9,0,0
BRDA:67,9,1,0
BRDA:68,10,0,0
BRDA:68,10,1,0
BRDA:69,11,0,0
BRDA:69,11,1,0
BRDA:85,12,0,0
BRDA:85,12,1,0
BRDA:86,13,0,0
BRDA:86,13,1,0
BRDA:87,14,0,0
BRDA:87,14,1,0
BRDA:103,15,0,0
BRDA:103,15,1,0
BRDA:104,16,0,0
BRDA:104,16,1,0
BRDA:105,17,0,0
BRDA:105,17,1,0
BRDA:121,18,0,0
BRDA:121,18,1,0
BRDA:122,19,0,0
BRDA:122,19,1,0
BRDA:123,20,0,0
BRDA:123,20,1,0
BRDA:126,21,0,0
BRDA:126,21,1,0
BRDA:150,22,0,0
BRDA:150,22,1,0
BRDA:151,23,0,0
BRDA:151,23,1,0
BRDA:152,24,0,0
BRDA:152,24,1,0
BRDA:155,25,0,0
BRDA:155,25,1,0
BRDA:176,26,0,0
BRDA:176,26,1,0
BRDA:177,27,0,0
BRDA:177,27,1,0
BRDA:182,28,0,0
BRDA:182,28,1,0
BRDA:197,29,0,0
BRDA:197,29,1,0
BRDA:198,30,0,0
BRDA:198,30,1,0
BRDA:199,31,0,0
BRDA:199,31,1,0
BRDA:216,32,0,0
BRDA:216,32,1,0
BRDA:226,33,0,0
BRDA:226,33,1,0
BRDA:227,34,0,0
BRDA:227,34,1,0
BRDA:228,35,0,0
BRDA:228,35,1,0
BRDA:229,36,0,0
BRDA:229,36,1,0
BRDA:230,37,0,0
BRDA:230,37,1,0
BRDA:233,38,0,0
BRDA:233,38,1,0
BRDA:256,39,0,0
BRDA:256,39,1,0
BRDA:284,40,0,0
BRDA:284,40,1,0
BRF:92
BRH:0
end_of_record
TN:
SF:src/components/NotionContent/NotionImage.tsx
FN:13,NotionImage
FN:69,(anonymous_10)
FN:70,(anonymous_11)
FN:86,NotionHeroImage
FN:99,NotionGalleryImage
FNF:5
FNH:0
FNDA:0,NotionImage
FNDA:0,(anonymous_10)
FNDA:0,(anonymous_11)
FNDA:0,NotionHeroImage
FNDA:0,NotionGalleryImage
DA:1,0
DA:13,0
DA:22,0
DA:23,0
DA:25,0
DA:26,0
DA:40,0
DA:44,0
DA:69,0
DA:71,0
DA:72,0
DA:86,0
DA:87,0
DA:99,0
DA:100,0
LF:15
LH:0
BRDA:18,0,0,0
BRDA:19,1,0,0
BRDA:20,2,0,0
BRDA:25,3,0,0
BRDA:25,3,1,0
BRDA:28,4,0,0
BRDA:28,4,1,0
BRDA:28,5,0,0
BRDA:28,5,1,0
BRDA:40,6,0,0
BRDA:40,6,1,0
BRDA:40,7,0,0
BRDA:40,7,1,0
BRDA:41,8,0,0
BRDA:41,8,1,0
BRDA:47,9,0,0
BRDA:47,9,1,0
BRDA:65,10,0,0
BRDA:65,10,1,0
BRDA:66,11,0,0
BRDA:66,11,1,0
BRDA:68,12,0,0
BRDA:68,12,1,0
BRDA:78,13,0,0
BRDA:78,13,1,0
BRDA:86,14,0,0
BRF:26
BRH:0
end_of_record
TN:
SF:src/components/NotionContent/NotionRenderer.tsx
FN:11,NotionRenderer
FN:28,(anonymous_2)
FNF:2
FNH:0
FNDA:0,NotionRenderer
FNDA:0,(anonymous_2)
DA:1,0
DA:2,0
DA:11,0
DA:16,0
DA:17,0
DA:24,0
DA:26,0
DA:29,0
LF:8
LH:0
BRDA:13,0,0,0
BRDA:16,1,0,0
BRDA:16,1,1,0
BRDA:16,2,0,0
BRDA:16,2,1,0
BRDA:24,3,0,0
BRDA:24,3,1,0
BRDA:31,4,0,0
BRDA:31,4,1,0
BRDA:31,4,2,0
BRF:10
BRH:0
end_of_record
TN:
SF:src/components/providers/ReduxProvider.tsx
FN:9,(anonymous_1)
FNF:1
FNH:0
FNDA:0,(anonymous_1)
DA:1,0
DA:2,0
DA:3,0
DA:9,0
DA:10,0
DA:13,0
LF:6
LH:0
BRF:0
BRH:0
end_of_record
TN:
SF:src/documentation/generation/SmartDocGenerator.ts
FN:271,(anonymous_0)
FN:294,(anonymous_1)
FN:307,(anonymous_2)
FN:310,(anonymous_3)
FN:317,(anonymous_4)
FN:324,(anonymous_5)
FN:327,(anonymous_6)
FN:335,(anonymous_7)
FN:338,(anonymous_8)
FN:347,(anonymous_9)
FN:354,(anonymous_10)
FN:360,(anonymous_11)
FN:363,(anonymous_12)
FN:370,(anonymous_13)
FN:376,(anonymous_14)
FN:386,(anonymous_15)
FN:396,(anonymous_16)
FN:443,(anonymous_17)
FN:519,(anonymous_18)
FN:561,(anonymous_19)
FN:564,(anonymous_20)
FN:782,(anonymous_21)
FN:793,(anonymous_22)
FN:805,(anonymous_23)
FN:820,(anonymous_24)
FN:848,(anonymous_25)
FN:863,(anonymous_26)
FN:956,(anonymous_27)
FN:967,(anonymous_28)
FN:979,(anonymous_29)
FN:994,(anonymous_30)
FN:1010,(anonymous_31)
FN:1017,(anonymous_32)
FN:1031,(anonymous_33)
FN:1046,(anonymous_34)
FN:1062,(anonymous_35)
FN:1069,(anonymous_36)
FN:1098,(anonymous_37)
FN:1145,(anonymous_38)
FN:1156,(anonymous_39)
FN:1168,(anonymous_40)
FN:1200,(anonymous_41)
FN:1241,(anonymous_42)
FN:1292,(anonymous_43)
FN:1297,(anonymous_44)
FN:1308,(anonymous_45)
FN:1320,(anonymous_46)
FN:1334,(anonymous_47)
FN:1342,(anonymous_48)
FN:1352,(anonymous_49)
FN:1366,(anonymous_50)
FN:1374,(anonymous_51)
FN:1399,(anonymous_52)
FN:1534,(anonymous_53)
FN:1687,(anonymous_54)
FN:1830,(anonymous_55)
FN:2053,(anonymous_56)
FN:2070,(anonymous_57)
FN:2100,(anonymous_58)
FN:2119,(anonymous_59)
FN:2127,(anonymous_60)
FN:2131,(anonymous_61)
FN:2134,(anonymous_62)
FN:2140,(anonymous_63)
FN:2161,(anonymous_64)
FN:2167,(anonymous_65)
FN:2182,(anonymous_66)
FN:2199,(anonymous_67)
FN:2208,(anonymous_68)
FN:2218,(anonymous_69)
FN:2218,(anonymous_70)
FN:2219,(anonymous_71)
FN:2222,(anonymous_72)
FN:2223,(anonymous_73)
FN:2224,(anonymous_74)
FN:2225,(anonymous_75)
FN:2226,(anonymous_76)
FN:2251,(anonymous_77)
FN:2252,(anonymous_78)
FN:2254,(anonymous_79)
FN:2260,(anonymous_80)
FN:2261,(anonymous_81)
FN:2264,(anonymous_82)
FN:2269,(anonymous_83)
FN:2284,(anonymous_84)
FN:2304,(anonymous_85)
FN:2310,(anonymous_86)
FN:2315,(anonymous_87)
FN:2320,(anonymous_88)
FN:2327,(anonymous_89)
FN:2331,(anonymous_90)
FNF:91
FNH:0
FNDA:0,(anonymous_0)
FNDA:0,(anonymous_1)
FNDA:0,(anonymous_2)
FNDA:0,(anonymous_3)
FNDA:0,(anonymous_4)
FNDA:0,(anonymous_5)
FNDA:0,(anonymous_6)
FNDA:0,(anonymous_7)
FNDA:0,(anonymous_8)
FNDA:0,(anonymous_9)
FNDA:0,(anonymous_10)
FNDA:0,(anonymous_11)
FNDA:0,(anonymous_12)
FNDA:0,(anonymous_13)
FNDA:0,(anonymous_14)
FNDA:0,(anonymous_15)
FNDA:0,(anonymous_16)
FNDA:0,(anonymous_17)
FNDA:0,(anonymous_18)
FNDA:0,(anonymous_19)
FNDA:0,(anonymous_20)
FNDA:0,(anonymous_21)
FNDA:0,(anonymous_22)
FNDA:0,(anonymous_23)
FNDA:0,(anonymous_24)
FNDA:0,(anonymous_25)
FNDA:0,(anonymous_26)
FNDA:0,(anonymous_27)
FNDA:0,(anonymous_28)
FNDA:0,(anonymous_29)
FNDA:0,(anonymous_30)
FNDA:0,(anonymous_31)
FNDA:0,(anonymous_32)
FNDA:0,(anonymous_33)
FNDA:0,(anonymous_34)
FNDA:0,(anonymous_35)
FNDA:0,(anonymous_36)
FNDA:0,(anonymous_37)
FNDA:0,(anonymous_38)
FNDA:0,(anonymous_39)
FNDA:0,(anonymous_40)
FNDA:0,(anonymous_41)
FNDA:0,(anonymous_42)
FNDA:0,(anonymous_43)
FNDA:0,(anonymous_44)
FNDA:0,(anonymous_45)
FNDA:0,(anonymous_46)
FNDA:0,(anonymous_47)
FNDA:0,(anonymous_48)
FNDA:0,(anonymous_49)
FNDA:0,(anonymous_50)
FNDA:0,(anonymous_51)
FNDA:0,(anonymous_52)
FNDA:0,(anonymous_53)
FNDA:0,(anonymous_54)
FNDA:0,(anonymous_55)
FNDA:0,(anonymous_56)
FNDA:0,(anonymous_57)
FNDA:0,(anonymous_58)
FNDA:0,(anonymous_59)
FNDA:0,(anonymous_60)
FNDA:0,(anonymous_61)
FNDA:0,(anonymous_62)
FNDA:0,(anonymous_63)
FNDA:0,(anonymous_64)
FNDA:0,(anonymous_65)
FNDA:0,(anonymous_66)
FNDA:0,(anonymous_67)
FNDA:0,(anonymous_68)
FNDA:0,(anonymous_69)
FNDA:0,(anonymous_70)
FNDA:0,(anonymous_71)
FNDA:0,(anonymous_72)
FNDA:0,(anonymous_73)
FNDA:0,(anonymous_74)
FNDA:0,(anonymous_75)
FNDA:0,(anonymous_76)
FNDA:0,(anonymous_77)
FNDA:0,(anonymous_78)
FNDA:0,(anonymous_79)
FNDA:0,(anonymous_80)
FNDA:0,(anonymous_81)
FNDA:0,(anonymous_82)
FNDA:0,(anonymous_83)
FNDA:0,(anonymous_84)
FNDA:0,(anonymous_85)
FNDA:0,(anonymous_86)
FNDA:0,(anonymous_87)
FNDA:0,(anonymous_88)
FNDA:0,(anonymous_89)
FNDA:0,(anonymous_90)
DA:269,0
DA:272,0
DA:291,0
DA:295,0
DA:298,0
DA:301,0
DA:304,0
DA:309,0
DA:311,0
DA:318,0
DA:325,0
DA:328,0
DA:337,0
DA:339,0
DA:348,0
DA:362,0
DA:364,0
DA:371,0
DA:377,0
DA:387,0
DA:397,0
DA:398,0
DA:401,0
DA:404,0
DA:407,0
DA:410,0
DA:413,0
DA:416,0
DA:435,0
DA:437,0
DA:438,0
DA:440,0
DA:444,0
DA:459,0
DA:476,0
DA:489,0
DA:503,0
DA:516,0
DA:520,0
DA:523,0
DA:526,0
DA:527,0
DA:531,0
DA:534,0
DA:537,0
DA:540,0
DA:541,0
DA:545,0
DA:546,0
DA:550,0
DA:553,0
DA:556,0
DA:557,0
DA:561,0
DA:565,0
DA:727,0
DA:762,0
DA:783,0
DA:785,0
DA:786,0
DA:787,0
DA:790,0
DA:794,0
DA:798,0
DA:805,0
DA:820,0
DA:848,0
DA:863,0
DA:886,0
DA:936,0
DA:957,0
DA:959,0
DA:960,0
DA:961,0
DA:964,0
DA:968,0
DA:972,0
DA:979,0
DA:994,0
DA:1010,0
DA:1017,0
DA:1031,0
DA:1046,0
DA:1062,0
DA:1069,0
DA:1078,0
DA:1099,0
DA:1125,0
DA:1146,0
DA:1148,0
DA:1149,0
DA:1150,0
DA:1153,0
DA:1157,0
DA:1161,0
DA:1168,0
DA:1200,0
DA:1227,0
DA:1241,0
DA:1272,0
DA:1294,0
DA:1298,0
DA:1300,0
DA:1301,0
DA:1302,0
DA:1305,0
DA:1309,0
DA:1313,0
DA:1320,0
DA:1334,0
DA:1342,0
DA:1352,0
DA:1366,0
DA:1374,0
DA:1379,0
DA:1400,0
DA:1404,0
DA:1514,0
DA:1535,0
DA:1539,0
DA:1667,0
DA:1688,0
DA:1692,0
DA:1810,0
DA:1831,0
DA:1835,0
DA:2033,0
DA:2055,0
DA:2058,0
DA:2061,0
DA:2063,0
DA:2071,0
DA:2073,0
DA:2074,0
DA:2083,0
DA:2084,0
DA:2085,0
DA:2094,0
DA:2097,0
DA:2101,0
DA:2102,0
DA:2104,0
DA:2105,0
DA:2106,0
DA:2107,0
DA:2108,0
DA:2109,0
DA:2110,0
DA:2112,0
DA:2116,0
DA:2120,0
DA:2121,0
DA:2124,0
DA:2126,0
DA:2127,0
DA:2130,0
DA:2131,0
DA:2134,0
DA:2138,0
DA:2139,0
DA:2140,0
DA:2141,0
DA:2146,0
DA:2147,0
DA:2158,0
DA:2162,0
DA:2164,0
DA:2166,0
DA:2167,0
DA:2168,0
DA:2169,0
DA:2181,0
DA:2182,0
DA:2183,0
DA:2184,0
DA:2196,0
DA:2201,0
DA:2209,0
DA:2214,0
DA:2215,0
DA:2217,0
DA:2218,0
DA:2219,0
DA:2221,0
DA:2222,0
DA:2223,0
DA:2224,0
DA:2225,0
DA:2226,0
DA:2229,0
DA:2231,0
DA:2232,0
DA:2233,0
DA:2234,0
DA:2235,0
DA:2237,0
DA:2252,0
DA:2253,0
DA:2254,0
DA:2255,0
DA:2256,0
DA:2261,0
DA:2266,0
DA:2270,0
DA:2272,0
DA:2274,0
DA:2276,0
DA:2278,0
DA:2280,0
DA:2285,0
DA:2288,0
DA:2289,0
DA:2290,0
DA:2291,0
DA:2292,0
DA:2297,0
DA:2298,0
DA:2301,0
DA:2306,0
DA:2307,0
DA:2312,0
DA:2317,0
DA:2321,0
DA:2322,0
DA:2324,0
DA:2328,0
DA:2332,0
DA:2336,0
LF:228
LH:0
BRDA:396,0,0,0
BRDA:526,1,0,0
BRDA:526,1,1,0
BRDA:540,2,0,0
BRDA:540,2,1,0
BRDA:545,3,0,0
BRDA:545,3,1,0
BRDA:556,4,0,0
BRDA:556,4,1,0
BRDA:565,5,0,0
BRDA:565,5,1,0
BRDA:730,6,0,0
BRDA:730,6,1,0
BRDA:731,7,0,0
BRDA:731,7,1,0
BRDA:746,8,0,0
BRDA:746,8,1,0
BRDA:764,9,0,0
BRDA:764,9,1,0
BRDA:794,10,0,0
BRDA:794,10,1,0
BRDA:798,11,0,0
BRDA:798,11,1,0
BRDA:820,12,0,0
BRDA:820,12,1,0
BRDA:863,13,0,0
BRDA:863,13,1,0
BRDA:889,14,0,0
BRDA:889,14,1,0
BRDA:890,15,0,0
BRDA:890,15,1,0
BRDA:901,16,0,0
BRDA:901,16,1,0
BRDA:911,17,0,0
BRDA:911,17,1,0
BRDA:920,18,0,0
BRDA:920,18,1,0
BRDA:968,19,0,0
BRDA:968,19,1,0
BRDA:972,20,0,0
BRDA:972,20,1,0
BRDA:1081,21,0,0
BRDA:1081,21,1,0
BRDA:1084,22,0,0
BRDA:1084,22,1,0
BRDA:1099,23,0,0
BRDA:1099,23,1,0
BRDA:1099,24,0,0
BRDA:1099,24,1,0
BRDA:1109,25,0,0
BRDA:1109,25,1,0
BRDA:1157,26,0,0
BRDA:1157,26,1,0
BRDA:1161,27,0,0
BRDA:1161,27,1,0
BRDA:1230,28,0,0
BRDA:1230,28,1,0
BRDA:1233,29,0,0
BRDA:1233,29,1,0
BRDA:1256,30,0,0
BRDA:1256,30,1,0
BRDA:1309,31,0,0
BRDA:1309,31,1,0
BRDA:1313,32,0,0
BRDA:1313,32,1,0
BRDA:1334,33,0,0
BRDA:1334,33,1,0
BRDA:1342,34,0,0
BRDA:1342,34,1,0
BRDA:1342,35,0,0
BRDA:1342,35,1,0
BRDA:1366,36,0,0
BRDA:1366,36,1,0
BRDA:1374,37,0,0
BRDA:1374,37,1,0
BRDA:1374,38,0,0
BRDA:1374,38,1,0
BRDA:1400,39,0,0
BRDA:1400,39,1,0
BRDA:1404,40,0,0
BRDA:1404,40,1,0
BRDA:1535,41,0,0
BRDA:1535,41,1,0
BRDA:1539,42,0,0
BRDA:1539,42,1,0
BRDA:1688,43,0,0
BRDA:1688,43,1,0
BRDA:1692,44,0,0
BRDA:1692,44,1,0
BRDA:1831,45,0,0
BRDA:1831,45,1,0
BRDA:1835,46,0,0
BRDA:1835,46,1,0
BRDA:2106,47,0,0
BRDA:2106,47,1,0
BRDA:2130,48,0,0
BRDA:2130,48,1,0
BRDA:2139,49,0,0
BRDA:2139,49,1,0
BRDA:2141,50,0,0
BRDA:2141,50,1,0
BRDA:2141,50,2,0
BRDA:2146,51,0,0
BRDA:2146,51,1,0
BRDA:2149,52,0,0
BRDA:2149,52,1,0
BRDA:2168,53,0,0
BRDA:2168,53,1,0
BRDA:2173,54,0,0
BRDA:2173,54,1,0
BRDA:2183,55,0,0
BRDA:2183,55,1,0
BRDA:2188,56,0,0
BRDA:2188,56,1,0
BRDA:2215,57,0,0
BRDA:2215,57,1,0
BRDA:2232,58,0,0
BRDA:2232,58,1,0
BRDA:2233,59,0,0
BRDA:2233,59,1,0
BRDA:2234,60,0,0
BRDA:2234,60,1,0
BRDA:2235,61,0,0
BRDA:2235,61,1,0
BRDA:2269,62,0,0
BRDA:2270,63,0,0
BRDA:2270,63,1,0
BRDA:2270,63,2,0
BRDA:2270,63,3,0
BRDA:2270,63,4,0
BRDA:2285,64,0,0
BRDA:2285,64,1,0
BRDA:2321,65,0,0
BRDA:2321,65,1,0
BRF:134
BRH:0
end_of_record
TN:
SF:src/hooks/useArticles.ts
FN:5,useArticles
FN:10,(anonymous_1)
FN:11,(anonymous_2)
FN:28,(anonymous_3)
FN:32,(anonymous_4)
FN:33,(anonymous_5)
FN:36,(anonymous_6)
FN:37,(anonymous_7)
FN:40,(anonymous_8)
FN:41,(anonymous_9)
FN:44,(anonymous_10)
FN:48,(anonymous_11)
FN:49,(anonymous_12)
FN:64,useArticle
FN:69,(anonymous_14)
FN:70,(anonymous_15)
FN:80,(anonymous_16)
FN:102,useArticlesByCategory
FN:107,(anonymous_18)
FN:108,(anonymous_19)
FN:112,(anonymous_20)
FNF:21
FNH:0
FNDA:0,useArticles
FNDA:0,(anonymous_1)
FNDA:0,(anonymous_2)
FNDA:0,(anonymous_3)
FNDA:0,(anonymous_4)
FNDA:0,(anonymous_5)
FNDA:0,(anonymous_6)
FNDA:0,(anonymous_7)
FNDA:0,(anonymous_8)
FNDA:0,(anonymous_9)
FNDA:0,(anonymous_10)
FNDA:0,(anonymous_11)
FNDA:0,(anonymous_12)
FNDA:0,useArticle
FNDA:0,(anonymous_14)
FNDA:0,(anonymous_15)
FNDA:0,(anonymous_16)
FNDA:0,useArticlesByCategory
FNDA:0,(anonymous_18)
FNDA:0,(anonymous_19)
FNDA:0,(anonymous_20)
DA:1,0
DA:2,0
DA:5,0
DA:6,0
DA:7,0
DA:8,0
DA:10,0
DA:11,0
DA:12,0
DA:13,0
DA:14,0
DA:15,0
DA:16,0
DA:18,0
DA:19,0
DA:21,0
DA:25,0
DA:28,0
DA:29,0
DA:30,0
DA:32,0
DA:33,0
DA:36,0
DA:37,0
DA:40,0
DA:41,0
DA:44,0
DA:45,0
DA:48,0
DA:49,0
DA:52,0
DA:64,0
DA:65,0
DA:66,0
DA:67,0
DA:69,0
DA:70,0
DA:71,0
DA:72,0
DA:73,0
DA:74,0
DA:77,0
DA:78,0
DA:79,0
DA:80,0
DA:82,0
DA:83,0
DA:84,0
DA:86,0
DA:89,0
DA:90,0
DA:92,0
DA:96,0
DA:99,0
DA:102,0
DA:103,0
DA:104,0
DA:105,0
DA:107,0
DA:108,0
DA:109,0
DA:110,0
DA:111,0
DA:112,0
DA:113,0
DA:115,0
DA:116,0
DA:118,0
DA:119,0
DA:121,0
DA:125,0
DA:126,0
DA:130,0
LF:73
LH:0
BRDA:44,0,0,0
BRDA:71,1,0,0
BRDA:71,1,1,0
BRDA:82,2,0,0
BRDA:82,2,1,0
BRDA:125,3,0,0
BRDA:125,3,1,0
BRF:7
BRH:0
end_of_record
TN:
SF:src/hooks/useCaseStudies.ts
FN:5,useCaseStudies
FN:10,(anonymous_1)
FN:11,(anonymous_2)
FN:28,(anonymous_3)
FN:32,(anonymous_4)
FN:33,(anonymous_5)
FN:36,(anonymous_6)
FN:37,(anonymous_7)
FN:40,(anonymous_8)
FN:41,(anonymous_9)
FN:44,(anonymous_10)
FN:48,(anonymous_11)
FN:49,(anonymous_12)
FN:64,useCaseStudy
FN:69,(anonymous_14)
FN:70,(anonymous_15)
FN:80,(anonymous_16)
FN:102,useCaseStudiesByCategory
FN:107,(anonymous_18)
FN:108,(anonymous_19)
FN:112,(anonymous_20)
FNF:21
FNH:0
FNDA:0,useCaseStudies
FNDA:0,(anonymous_1)
FNDA:0,(anonymous_2)
FNDA:0,(anonymous_3)
FNDA:0,(anonymous_4)
FNDA:0,(anonymous_5)
FNDA:0,(anonymous_6)
FNDA:0,(anonymous_7)
FNDA:0,(anonymous_8)
FNDA:0,(anonymous_9)
FNDA:0,(anonymous_10)
FNDA:0,(anonymous_11)
FNDA:0,(anonymous_12)
FNDA:0,useCaseStudy
FNDA:0,(anonymous_14)
FNDA:0,(anonymous_15)
FNDA:0,(anonymous_16)
FNDA:0,useCaseStudiesByCategory
FNDA:0,(anonymous_18)
FNDA:0,(anonymous_19)
FNDA:0,(anonymous_20)
DA:1,0
DA:2,0
DA:5,0
DA:6,0
DA:7,0
DA:8,0
DA:10,0
DA:11,0
DA:12,0
DA:13,0
DA:14,0
DA:15,0
DA:16,0
DA:18,0
DA:19,0
DA:21,0
DA:25,0
DA:28,0
DA:29,0
DA:30,0
DA:32,0
DA:33,0
DA:36,0
DA:37,0
DA:40,0
DA:41,0
DA:44,0
DA:45,0
DA:48,0
DA:49,0
DA:52,0
DA:64,0
DA:65,0
DA:66,0
DA:67,0
DA:69,0
DA:70,0
DA:71,0
DA:72,0
DA:73,0
DA:74,0
DA:77,0
DA:78,0
DA:79,0
DA:80,0
DA:82,0
DA:83,0
DA:84,0
DA:86,0
DA:89,0
DA:90,0
DA:92,0
DA:96,0
DA:99,0
DA:102,0
DA:103,0
DA:104,0
DA:105,0
DA:107,0
DA:108,0
DA:109,0
DA:110,0
DA:111,0
DA:112,0
DA:113,0
DA:114,0
DA:116,0
DA:117,0
DA:119,0
DA:123,0
DA:124,0
DA:128,0
LF:72
LH:0
BRDA:44,0,0,0
BRDA:71,1,0,0
BRDA:71,1,1,0
BRDA:82,2,0,0
BRDA:82,2,1,0
BRDA:123,3,0,0
BRDA:123,3,1,0
BRF:7
BRH:0
end_of_record
TN:
SF:src/hooks/useNotionData.ts
FN:44,useNotionBase
FN:71,(anonymous_1)
FN:118,(anonymous_2)
FN:132,(anonymous_3)
FN:137,(anonymous_4)
FN:140,(anonymous_5)
FN:145,(anonymous_6)
FN:149,(anonymous_7)
FN:152,(anonymous_8)
FN:157,(anonymous_9)
FN:161,(anonymous_10)
FN:162,(anonymous_11)
FN:170,(anonymous_12)
FN:173,(anonymous_13)
FN:191,useNotionBlog
FN:198,(anonymous_15)
FN:238,useNotionProducts
FN:245,(anonymous_17)
FN:285,useNotionFAQ
FN:291,(anonymous_19)
FN:336,useNotionTeam
FN:342,(anonymous_21)
FN:382,useNotionLocations
FN:388,(anonymous_23)
FN:428,useNotionGallery
FN:435,(anonymous_25)
FN:477,useNotionMutation
FN:492,(anonymous_27)
FN:507,(anonymous_28)
FN:536,useNotionBlogMutation
FN:540,(anonymous_30)
FN:576,(anonymous_31)
FN:587,useNotionProductMutation
FN:591,(anonymous_33)
FN:621,(anonymous_34)
FN:633,useNotionSearch
FN:638,(anonymous_36)
FN:670,useNotionRealtime
FN:675,(anonymous_38)
FN:676,(anonymous_39)
FN:680,(anonymous_40)
FN:685,(anonymous_41)
FN:687,(anonymous_42)
FN:693,(anonymous_43)
FN:699,(anonymous_44)
FN:708,(anonymous_45)
FN:715,(anonymous_46)
FN:729,useNotionPagination
FN:745,(anonymous_48)
FN:754,(anonymous_49)
FN:757,(anonymous_50)
FN:766,(anonymous_51)
FN:774,(anonymous_52)
FNF:53
FNH:0
FNDA:0,useNotionBase
FNDA:0,(anonymous_1)
FNDA:0,(anonymous_2)
FNDA:0,(anonymous_3)
FNDA:0,(anonymous_4)
FNDA:0,(anonymous_5)
FNDA:0,(anonymous_6)
FNDA:0,(anonymous_7)
FNDA:0,(anonymous_8)
FNDA:0,(anonymous_9)
FNDA:0,(anonymous_10)
FNDA:0,(anonymous_11)
FNDA:0,(anonymous_12)
FNDA:0,(anonymous_13)
FNDA:0,useNotionBlog
FNDA:0,(anonymous_15)
FNDA:0,useNotionProducts
FNDA:0,(anonymous_17)
FNDA:0,useNotionFAQ
FNDA:0,(anonymous_19)
FNDA:0,useNotionTeam
FNDA:0,(anonymous_21)
FNDA:0,useNotionLocations
FNDA:0,(anonymous_23)
FNDA:0,useNotionGallery
FNDA:0,(anonymous_25)
FNDA:0,useNotionMutation
FNDA:0,(anonymous_27)
FNDA:0,(anonymous_28)
FNDA:0,useNotionBlogMutation
FNDA:0,(anonymous_30)
FNDA:0,(anonymous_31)
FNDA:0,useNotionProductMutation
FNDA:0,(anonymous_33)
FNDA:0,(anonymous_34)
FNDA:0,useNotionSearch
FNDA:0,(anonymous_36)
FNDA:0,useNotionRealtime
FNDA:0,(anonymous_38)
FNDA:0,(anonymous_39)
FNDA:0,(anonymous_40)
FNDA:0,(anonymous_41)
FNDA:0,(anonymous_42)
FNDA:0,(anonymous_43)
FNDA:0,(anonymous_44)
FNDA:0,(anonymous_45)
FNDA:0,(anonymous_46)
FNDA:0,useNotionPagination
FNDA:0,(anonymous_48)
FNDA:0,(anonymous_49)
FNDA:0,(anonymous_50)
FNDA:0,(anonymous_51)
FNDA:0,(anonymous_52)
DA:4,0
DA:5,0
DA:6,0
DA:7,0
DA:59,0
DA:61,0
DA:62,0
DA:63,0
DA:64,0
DA:66,0
DA:67,0
DA:68,0
DA:69,0
DA:71,0
DA:73,0
DA:74,0
DA:75,0
DA:79,0
DA:80,0
DA:81,0
DA:82,0
DA:83,0
DA:84,0
DA:85,0
DA:86,0
DA:91,0
DA:92,0
DA:94,0
DA:95,0
DA:96,0
DA:98,0
DA:101,0
DA:102,0
DA:105,0
DA:106,0
DA:107,0
DA:109,0
DA:112,0
DA:113,0
DA:116,0
DA:117,0
DA:118,0
DA:119,0
DA:122,0
DA:125,0
DA:126,0
DA:127,0
DA:132,0
DA:133,0
DA:137,0
DA:138,0
DA:140,0
DA:141,0
DA:144,0
DA:145,0
DA:149,0
DA:150,0
DA:152,0
DA:153,0
DA:156,0
DA:157,0
DA:161,0
DA:162,0
DA:163,0
DA:164,0
DA:165,0
DA:169,0
DA:170,0
DA:173,0
DA:174,0
DA:177,0
DA:191,0
DA:196,0
DA:198,0
DA:199,0
DA:201,0
DA:214,0
DA:217,0
DA:226,0
DA:229,0
DA:238,0
DA:243,0
DA:245,0
DA:246,0
DA:248,0
DA:261,0
DA:263,0
DA:272,0
DA:275,0
DA:285,0
DA:289,0
DA:291,0
DA:292,0
DA:294,0
DA:312,0
DA:314,0
DA:323,0
DA:326,0
DA:336,0
DA:340,0
DA:342,0
DA:343,0
DA:345,0
DA:358,0
DA:360,0
DA:369,0
DA:372,0
DA:382,0
DA:386,0
DA:388,0
DA:389,0
DA:391,0
DA:404,0
DA:406,0
DA:415,0
DA:418,0
DA:428,0
DA:433,0
DA:435,0
DA:436,0
DA:438,0
DA:451,0
DA:453,0
DA:462,0
DA:465,0
DA:481,0
DA:482,0
DA:483,0
DA:490,0
DA:492,0
DA:493,0
DA:494,0
DA:495,0
DA:498,0
DA:502,0
DA:504,0
DA:507,0
DA:508,0
DA:511,0
DA:513,0
DA:516,0
DA:517,0
DA:518,0
DA:519,0
DA:521,0
DA:525,0
DA:536,0
DA:537,0
DA:539,0
DA:547,0
DA:555,0
DA:578,0
DA:587,0
DA:588,0
DA:590,0
DA:599,0
DA:607,0
DA:622,0
DA:633,0
DA:636,0
DA:638,0
DA:639,0
DA:641,0
DA:648,0
DA:657,0
DA:660,0
DA:670,0
DA:671,0
DA:672,0
DA:673,0
DA:675,0
DA:676,0
DA:677,0
DA:678,0
DA:680,0
DA:681,0
DA:682,0
DA:685,0
DA:686,0
DA:687,0
DA:690,0
DA:693,0
DA:694,0
DA:696,0
DA:699,0
DA:700,0
DA:703,0
DA:706,0
DA:708,0
DA:709,0
DA:710,0
DA:715,0
DA:716,0
DA:719,0
DA:729,0
DA:736,0
DA:738,0
DA:739,0
DA:740,0
DA:741,0
DA:742,0
DA:743,0
DA:745,0
DA:746,0
DA:748,0
DA:749,0
DA:751,0
DA:752,0
DA:754,0
DA:755,0
DA:756,0
DA:757,0
DA:760,0
DA:762,0
DA:766,0
DA:767,0
DA:768,0
DA:769,0
DA:770,0
DA:771,0
DA:774,0
DA:776,0
DA:790,0
LF:223
LH:0
BRDA:46,0,0,0
BRDA:49,1,0,0
BRDA:51,2,0,0
BRDA:52,3,0,0
BRDA:53,4,0,0
BRDA:54,5,0,0
BRDA:55,6,0,0
BRDA:56,7,0,0
BRDA:66,8,0,0
BRDA:66,8,1,0
BRDA:71,9,0,0
BRDA:74,10,0,0
BRDA:74,10,1,0
BRDA:74,11,0,0
BRDA:74,11,1,0
BRDA:79,12,0,0
BRDA:79,12,1,0
BRDA:79,13,0,0
BRDA:79,13,1,0
BRDA:81,14,0,0
BRDA:81,14,1,0
BRDA:91,15,0,0
BRDA:91,15,1,0
BRDA:101,16,0,0
BRDA:101,16,1,0
BRDA:112,17,0,0
BRDA:112,17,1,0
BRDA:116,18,0,0
BRDA:116,18,1,0
BRDA:138,19,0,0
BRDA:138,19,1,0
BRDA:150,20,0,0
BRDA:150,20,1,0
BRDA:164,21,0,0
BRDA:164,21,1,0
BRDA:164,22,0,0
BRDA:164,22,1,0
BRDA:191,23,0,0
BRDA:196,24,0,0
BRDA:196,25,0,0
BRDA:206,26,0,0
BRDA:206,26,1,0
BRDA:207,27,0,0
BRDA:207,27,1,0
BRDA:230,28,0,0
BRDA:230,28,1,0
BRDA:238,29,0,0
BRDA:243,30,0,0
BRDA:243,31,0,0
BRDA:253,32,0,0
BRDA:253,32,1,0
BRDA:254,33,0,0
BRDA:254,33,1,0
BRDA:276,34,0,0
BRDA:276,34,1,0
BRDA:285,35,0,0
BRDA:299,36,0,0
BRDA:299,36,1,0
BRDA:300,37,0,0
BRDA:300,37,1,0
BRDA:327,38,0,0
BRDA:327,38,1,0
BRDA:327,39,0,0
BRDA:327,39,1,0
BRDA:336,40,0,0
BRDA:340,41,0,0
BRDA:350,42,0,0
BRDA:350,42,1,0
BRDA:351,43,0,0
BRDA:351,43,1,0
BRDA:373,44,0,0
BRDA:373,44,1,0
BRDA:382,45,0,0
BRDA:396,46,0,0
BRDA:396,46,1,0
BRDA:397,47,0,0
BRDA:397,47,1,0
BRDA:419,48,0,0
BRDA:419,48,1,0
BRDA:419,49,0,0
BRDA:419,49,1,0
BRDA:428,50,0,0
BRDA:433,51,0,0
BRDA:433,52,0,0
BRDA:443,53,0,0
BRDA:443,53,1,0
BRDA:444,54,0,0
BRDA:444,54,1,0
BRDA:466,55,0,0
BRDA:466,55,1,0
BRDA:479,56,0,0
BRDA:488,57,0,0
BRDA:489,58,0,0
BRDA:498,59,0,0
BRDA:498,59,1,0
BRDA:516,60,0,0
BRDA:516,60,1,0
BRDA:559,61,0,0
BRDA:559,61,1,0
BRDA:560,62,0,0
BRDA:560,62,1,0
BRDA:561,63,0,0
BRDA:561,63,1,0
BRDA:612,64,0,0
BRDA:612,64,1,0
BRDA:613,65,0,0
BRDA:613,65,1,0
BRDA:614,66,0,0
BRDA:614,66,1,0
BRDA:615,67,0,0
BRDA:615,67,1,0
BRDA:633,68,0,0
BRDA:636,69,0,0
BRDA:677,70,0,0
BRDA:677,70,1,0
BRDA:709,71,0,0
BRDA:709,71,1,0
BRDA:731,72,0,0
BRDA:736,73,0,0
BRDA:736,74,0,0
BRDA:746,75,0,0
BRDA:746,75,1,0
BRDA:746,76,0,0
BRDA:746,76,1,0
BRDA:746,76,2,0
BRDA:760,77,0,0
BRDA:760,77,1,0
BRF:127
BRH:0
end_of_record
TN:
SF:src/hooks/useNotionEntities.ts
FN:24,(anonymous_0)
FN:28,(anonymous_1)
FN:41,(anonymous_2)
FN:54,(anonymous_3)
FN:58,(anonymous_4)
FN:64,createNotionEntityHook
FN:70,useNotionEntities
FN:75,(anonymous_7)
FN:99,(anonymous_8)
FN:103,(anonymous_9)
FN:107,(anonymous_10)
FN:108,(anonymous_11)
FN:111,(anonymous_12)
FN:112,(anonymous_13)
FN:115,(anonymous_14)
FN:121,(anonymous_15)
FN:123,(anonymous_16)
FN:124,(anonymous_17)
FN:162,(anonymous_18)
FN:169,(anonymous_19)
FN:176,(anonymous_20)
FN:182,useArticle
FN:185,(anonymous_22)
FN:186,(anonymous_23)
FN:193,useProductByCategory
FN:196,(anonymous_25)
FN:204,useFeaturedProducts
FN:207,(anonymous_27)
FN:209,(anonymous_28)
FN:217,useCaseStudy
FN:220,(anonymous_30)
FN:221,(anonymous_31)
FN:228,useCaseStudiesByCategory
FN:231,(anonymous_33)
FN:240,usePaginatedArticles
FN:243,(anonymous_35)
FN:248,(anonymous_36)
FN:262,useArticleSearch
FN:265,(anonymous_38)
FN:276,(anonymous_39)
FN:277,(anonymous_40)
FN:283,(anonymous_41)
FNF:42
FNH:0
FNDA:0,(anonymous_0)
FNDA:0,(anonymous_1)
FNDA:0,(anonymous_2)
FNDA:0,(anonymous_3)
FNDA:0,(anonymous_4)
FNDA:0,createNotionEntityHook
FNDA:0,useNotionEntities
FNDA:0,(anonymous_7)
FNDA:0,(anonymous_8)
FNDA:0,(anonymous_9)
FNDA:0,(anonymous_10)
FNDA:0,(anonymous_11)
FNDA:0,(anonymous_12)
FNDA:0,(anonymous_13)
FNDA:0,(anonymous_14)
FNDA:0,(anonymous_15)
FNDA:0,(anonymous_16)
FNDA:0,(anonymous_17)
FNDA:0,(anonymous_18)
FNDA:0,(anonymous_19)
FNDA:0,(anonymous_20)
FNDA:0,useArticle
FNDA:0,(anonymous_22)
FNDA:0,(anonymous_23)
FNDA:0,useProductByCategory
FNDA:0,(anonymous_25)
FNDA:0,useFeaturedProducts
FNDA:0,(anonymous_27)
FNDA:0,(anonymous_28)
FNDA:0,useCaseStudy
FNDA:0,(anonymous_30)
FNDA:0,(anonymous_31)
FNDA:0,useCaseStudiesByCategory
FNDA:0,(anonymous_33)
FNDA:0,usePaginatedArticles
FNDA:0,(anonymous_35)
FNDA:0,(anonymous_36)
FNDA:0,useArticleSearch
FNDA:0,(anonymous_38)
FNDA:0,(anonymous_39)
FNDA:0,(anonymous_40)
FNDA:0,(anonymous_41)
DA:1,0
DA:2,0
DA:14,0
DA:21,0
DA:25,0
DA:30,0
DA:31,0
DA:32,0
DA:35,0
DA:42,0
DA:43,0
DA:46,0
DA:47,0
DA:48,0
DA:51,0
DA:55,0
DA:59,0
DA:70,0
DA:71,0
DA:72,0
DA:73,0
DA:75,0
DA:76,0
DA:77,0
DA:79,0
DA:80,0
DA:81,0
DA:82,0
DA:85,0
DA:86,0
DA:87,0
DA:88,0
DA:89,0
DA:90,0
DA:92,0
DA:93,0
DA:95,0
DA:99,0
DA:100,0
DA:103,0
DA:104,0
DA:107,0
DA:108,0
DA:111,0
DA:112,0
DA:115,0
DA:116,0
DA:117,0
DA:118,0
DA:121,0
DA:122,0
DA:123,0
DA:124,0
DA:125,0
DA:130,0
DA:144,0
DA:149,0
DA:154,0
DA:160,0
DA:162,0
DA:167,0
DA:169,0
DA:174,0
DA:176,0
DA:182,0
DA:183,0
DA:185,0
DA:186,0
DA:190,0
DA:193,0
DA:194,0
DA:196,0
DA:197,0
DA:201,0
DA:204,0
DA:205,0
DA:207,0
DA:208,0
DA:209,0
DA:214,0
DA:217,0
DA:218,0
DA:220,0
DA:221,0
DA:225,0
DA:228,0
DA:229,0
DA:231,0
DA:232,0
DA:236,0
DA:240,0
DA:241,0
DA:243,0
DA:244,0
DA:248,0
DA:249,0
DA:253,0
DA:262,0
DA:263,0
DA:265,0
DA:266,0
DA:272,0
DA:276,0
DA:277,0
DA:278,0
DA:279,0
DA:280,0
DA:283,0
DA:289,0
DA:295,0
LF:110
LH:0
BRDA:24,0,0,0
BRDA:30,1,0,0
BRDA:30,1,1,0
BRDA:43,2,0,0
BRDA:43,2,1,0
BRDA:46,3,0,0
BRDA:46,3,1,0
BRDA:75,4,0,0
BRDA:77,5,0,0
BRDA:77,5,1,0
BRDA:79,6,0,0
BRDA:79,6,1,0
BRDA:204,7,0,0
BRDA:240,8,0,0
BRDA:266,9,0,0
BRDA:266,9,1,0
BRF:16
BRH:0
end_of_record
TN:
SF:src/hooks/useOptimizedState.ts
FN:6,useCompareState
FN:8,(anonymous_1)
FN:13,(anonymous_2)
FN:28,useBatchedUpdates
FN:33,(anonymous_4)
FN:34,(anonymous_5)
FN:41,(anonymous_6)
FN:54,useDerivedState
FN:60,(anonymous_8)
FN:75,useUndoableState
FN:85,(anonymous_10)
FN:86,(anonymous_11)
FN:104,(anonymous_12)
FN:105,(anonymous_13)
FN:119,(anonymous_14)
FN:120,(anonymous_15)
FN:145,useOptimizedReducer
FN:160,(anonymous_17)
FN:166,(anonymous_18)
FN:171,(anonymous_19)
FN:183,(anonymous_20)
FN:188,(anonymous_21)
FN:189,(anonymous_22)
FN:200,useComputedState
FN:208,(anonymous_24)
FN:220,(anonymous_25)
FN:221,(anonymous_26)
FN:228,useOptimizedForm
FN:244,(anonymous_28)
FN:248,(anonymous_29)
FN:250,(anonymous_30)
FN:257,(anonymous_31)
FN:258,(anonymous_32)
FN:259,(anonymous_33)
FN:266,(anonymous_34)
FN:275,(anonymous_35)
FN:283,(anonymous_36)
FN:303,(anonymous_37)
FN:325,usePersistentState
FN:337,(anonymous_39)
FN:348,(anonymous_40)
FN:357,(anonymous_41)
FN:360,(anonymous_42)
FN:372,(anonymous_43)
FNF:44
FNH:0
FNDA:0,useCompareState
FNDA:0,(anonymous_1)
FNDA:0,(anonymous_2)
FNDA:0,useBatchedUpdates
FNDA:0,(anonymous_4)
FNDA:0,(anonymous_5)
FNDA:0,(anonymous_6)
FNDA:0,useDerivedState
FNDA:0,(anonymous_8)
FNDA:0,useUndoableState
FNDA:0,(anonymous_10)
FNDA:0,(anonymous_11)
FNDA:0,(anonymous_12)
FNDA:0,(anonymous_13)
FNDA:0,(anonymous_14)
FNDA:0,(anonymous_15)
FNDA:0,useOptimizedReducer
FNDA:0,(anonymous_17)
FNDA:0,(anonymous_18)
FNDA:0,(anonymous_19)
FNDA:0,(anonymous_20)
FNDA:0,(anonymous_21)
FNDA:0,(anonymous_22)
FNDA:0,useComputedState
FNDA:0,(anonymous_24)
FNDA:0,(anonymous_25)
FNDA:0,(anonymous_26)
FNDA:0,useOptimizedForm
FNDA:0,(anonymous_28)
FNDA:0,(anonymous_29)
FNDA:0,(anonymous_30)
FNDA:0,(anonymous_31)
FNDA:0,(anonymous_32)
FNDA:0,(anonymous_33)
FNDA:0,(anonymous_34)
FNDA:0,(anonymous_35)
FNDA:0,(anonymous_36)
FNDA:0,(anonymous_37)
FNDA:0,usePersistentState
FNDA:0,(anonymous_39)
FNDA:0,(anonymous_40)
FNDA:0,(anonymous_41)
FNDA:0,(anonymous_42)
FNDA:0,(anonymous_43)
DA:1,0
DA:6,0
DA:8,0
DA:10,0
DA:11,0
DA:13,0
DA:14,0
DA:18,0
DA:19,0
DA:20,0
DA:24,0
DA:28,0
DA:31,0
DA:33,0
DA:34,0
DA:35,0
DA:40,0
DA:41,0
DA:44,0
DA:46,0
DA:50,0
DA:54,0
DA:58,0
DA:60,0
DA:61,0
DA:65,0
DA:75,0
DA:79,0
DA:85,0
DA:86,0
DA:87,0
DA:92,0
DA:93,0
DA:96,0
DA:104,0
DA:105,0
DA:106,0
DA:108,0
DA:109,0
DA:111,0
DA:119,0
DA:120,0
DA:121,0
DA:123,0
DA:124,0
DA:126,0
DA:134,0
DA:145,0
DA:154,0
DA:156,0
DA:157,0
DA:158,0
DA:160,0
DA:161,0
DA:163,0
DA:164,0
DA:166,0
DA:167,0
DA:171,0
DA:172,0
DA:173,0
DA:174,0
DA:177,0
DA:179,0
DA:180,0
DA:183,0
DA:184,0
DA:188,0
DA:189,0
DA:190,0
DA:191,0
DA:196,0
DA:200,0
DA:206,0
DA:208,0
DA:209,0
DA:211,0
DA:212,0
DA:213,0
DA:217,0
DA:220,0
DA:221,0
DA:224,0
DA:228,0
DA:236,0
DA:238,0
DA:239,0
DA:240,0
DA:241,0
DA:244,0
DA:245,0
DA:248,0
DA:249,0
DA:250,0
DA:251,0
DA:252,0
DA:257,0
DA:258,0
DA:259,0
DA:261,0
DA:262,0
DA:266,0
DA:267,0
DA:268,0
DA:270,0
DA:271,0
DA:275,0
DA:276,0
DA:278,0
DA:279,0
DA:280,0
DA:283,0
DA:284,0
DA:286,0
DA:287,0
DA:288,0
DA:289,0
DA:290,0
DA:293,0
DA:294,0
DA:296,0
DA:297,0
DA:299,0
DA:303,0
DA:304,0
DA:305,0
DA:306,0
DA:307,0
DA:310,0
DA:325,0
DA:335,0
DA:337,0
DA:338,0
DA:339,0
DA:340,0
DA:342,0
DA:343,0
DA:348,0
DA:349,0
DA:350,0
DA:352,0
DA:357,0
DA:358,0
DA:360,0
DA:361,0
DA:362,0
DA:363,0
DA:364,0
DA:366,0
DA:371,0
DA:372,0
DA:375,0
DA:378,0
LF:153
LH:0
BRDA:8,0,0,0
BRDA:14,1,0,0
BRDA:14,1,1,0
BRDA:18,2,0,0
BRDA:18,2,1,0
BRDA:35,3,0,0
BRDA:35,3,1,0
BRDA:44,4,0,0
BRDA:44,4,1,0
BRDA:77,5,0,0
BRDA:87,6,0,0
BRDA:87,6,1,0
BRDA:92,7,0,0
BRDA:92,7,1,0
BRDA:106,8,0,0
BRDA:106,8,1,0
BRDA:121,9,0,0
BRDA:121,9,1,0
BRDA:148,10,0,0
BRDA:154,11,0,0
BRDA:154,12,0,0
BRDA:161,13,0,0
BRDA:161,13,1,0
BRDA:172,14,0,0
BRDA:172,14,1,0
BRDA:179,15,0,0
BRDA:179,15,1,0
BRDA:190,16,0,0
BRDA:190,16,1,0
BRDA:212,17,0,0
BRDA:212,17,1,0
BRDA:231,18,0,0
BRDA:236,19,0,0
BRDA:236,20,0,0
BRDA:245,21,0,0
BRDA:245,21,1,0
BRDA:245,22,0,0
BRDA:245,22,1,0
BRDA:261,23,0,0
BRDA:261,23,1,0
BRDA:270,24,0,0
BRDA:270,24,1,0
BRDA:276,25,0,0
BRDA:276,25,1,0
BRDA:288,26,0,0
BRDA:288,26,1,0
BRDA:328,27,0,0
BRDA:329,28,0,0
BRDA:335,29,0,0
BRDA:335,30,0,0
BRDA:335,31,0,0
BRDA:340,32,0,0
BRDA:340,32,1,0
BRDA:358,33,0,0
BRDA:358,33,1,0
BRDA:361,34,0,0
BRDA:361,34,1,0
BRDA:361,35,0,0
BRDA:361,35,1,0
BRF:59
BRH:0
end_of_record
TN:
SF:src/hooks/useProducts.ts
FN:5,useProducts
FN:10,(anonymous_1)
FN:11,(anonymous_2)
FN:28,(anonymous_3)
FN:32,(anonymous_4)
FN:33,(anonymous_5)
FN:39,useProductByCategory
FN:44,(anonymous_7)
FN:45,(anonymous_8)
FN:49,(anonymous_9)
FN:70,useFeaturedProducts
FN:75,(anonymous_11)
FN:76,(anonymous_12)
FN:81,(anonymous_13)
FNF:14
FNH:0
FNDA:0,useProducts
FNDA:0,(anonymous_1)
FNDA:0,(anonymous_2)
FNDA:0,(anonymous_3)
FNDA:0,(anonymous_4)
FNDA:0,(anonymous_5)
FNDA:0,useProductByCategory
FNDA:0,(anonymous_7)
FNDA:0,(anonymous_8)
FNDA:0,(anonymous_9)
FNDA:0,useFeaturedProducts
FNDA:0,(anonymous_11)
FNDA:0,(anonymous_12)
FNDA:0,(anonymous_13)
DA:1,0
DA:2,0
DA:5,0
DA:6,0
DA:7,0
DA:8,0
DA:10,0
DA:11,0
DA:12,0
DA:13,0
DA:14,0
DA:15,0
DA:16,0
DA:18,0
DA:19,0
DA:21,0
DA:25,0
DA:28,0
DA:29,0
DA:30,0
DA:32,0
DA:33,0
DA:36,0
DA:39,0
DA:40,0
DA:41,0
DA:42,0
DA:44,0
DA:45,0
DA:46,0
DA:47,0
DA:48,0
DA:49,0
DA:50,0
DA:52,0
DA:53,0
DA:55,0
DA:56,0
DA:58,0
DA:62,0
DA:63,0
DA:67,0
DA:70,0
DA:71,0
DA:72,0
DA:73,0
DA:75,0
DA:76,0
DA:77,0
DA:78,0
DA:79,0
DA:80,0
DA:81,0
DA:83,0
DA:84,0
DA:86,0
DA:87,0
DA:89,0
DA:93,0
DA:96,0
LF:60
LH:0
BRDA:62,0,0,0
BRDA:62,0,1,0
BRDA:70,1,0,0
BRF:3
BRH:0
end_of_record
TN:
SF:src/lib/simple-di-container.ts
FN:15,(anonymous_0)
FN:21,(anonymous_1)
FN:32,(anonymous_2)
FN:43,(anonymous_3)
FN:54,(anonymous_4)
FN:85,(anonymous_5)
FN:93,(anonymous_6)
FN:100,(anonymous_7)
FN:105,(anonymous_8)
FN:116,singleton
FN:117,(anonymous_10)
FN:121,(anonymous_11)
FN:126,(anonymous_12)
FN:135,inject
FN:136,(anonymous_14)
FN:150,resolve
FN:157,registerSingleton
FN:164,registerTransient
FN:171,registerInstance
FN:178,getContainer
FN:185,createService
FN:197,(anonymous_21)
FNF:22
FNH:0
FNDA:0,(anonymous_0)
FNDA:0,(anonymous_1)
FNDA:0,(anonymous_2)
FNDA:0,(anonymous_3)
FNDA:0,(anonymous_4)
FNDA:0,(anonymous_5)
FNDA:0,(anonymous_6)
FNDA:0,(anonymous_7)
FNDA:0,(anonymous_8)
FNDA:0,singleton
FNDA:0,(anonymous_10)
FNDA:0,(anonymous_11)
FNDA:0,(anonymous_12)
FNDA:0,inject
FNDA:0,(anonymous_14)
FNDA:0,resolve
FNDA:0,registerSingleton
FNDA:0,registerTransient
FNDA:0,registerInstance
FNDA:0,getContainer
FNDA:0,createService
FNDA:0,(anonymous_21)
DA:16,0
DA:22,0
DA:23,0
DA:33,0
DA:34,0
DA:44,0
DA:45,0
DA:55,0
DA:56,0
DA:58,0
DA:59,0
DA:63,0
DA:64,0
DA:68,0
DA:69,0
DA:72,0
DA:73,0
DA:76,0
DA:79,0
DA:86,0
DA:87,0
DA:94,0
DA:101,0
DA:102,0
DA:106,0
DA:111,0
DA:116,0
DA:117,0
DA:118,0
DA:121,0
DA:122,0
DA:126,0
DA:128,0
DA:135,0
DA:136,0
DA:139,0
DA:140,0
DA:141,0
DA:143,0
DA:150,0
DA:151,0
DA:157,0
DA:158,0
DA:164,0
DA:165,0
DA:171,0
DA:172,0
DA:178,0
DA:179,0
DA:185,0
DA:189,0
DA:191,0
DA:192,0
DA:194,0
DA:197,0
DA:201,0
DA:202,0
LF:57
LH:0
BRDA:58,0,0,0
BRDA:58,0,1,0
BRDA:63,1,0,0
BRDA:63,1,1,0
BRDA:68,2,0,0
BRDA:68,2,1,0
BRDA:72,3,0,0
BRDA:72,3,1,0
BRDA:106,4,0,0
BRDA:106,4,1,0
BRDA:118,5,0,0
BRDA:118,5,1,0
BRDA:140,6,0,0
BRDA:140,6,1,0
BRDA:187,7,0,0
BRDA:189,8,0,0
BRDA:189,9,0,0
BRDA:191,10,0,0
BRDA:191,10,1,0
BRF:19
BRH:0
end_of_record
TN:
SF:src/lib/cache/cache-manager.ts
FN:48,(anonymous_0)
FN:60,(anonymous_1)
FN:67,(anonymous_2)
FN:87,(anonymous_3)
FN:130,(anonymous_4)
FN:176,(anonymous_5)
FN:186,(anonymous_6)
FN:202,(anonymous_7)
FN:243,(anonymous_8)
FN:264,(anonymous_9)
FN:272,(anonymous_10)
FN:275,(anonymous_11)
FN:294,(anonymous_12)
FN:301,(anonymous_13)
FN:302,(anonymous_14)
FN:313,(anonymous_15)
FN:319,(anonymous_16)
FN:327,(anonymous_17)
FN:331,(anonymous_18)
FN:352,(anonymous_19)
FN:356,(anonymous_20)
FN:366,(anonymous_21)
FN:371,(anonymous_22)
FN:379,(anonymous_23)
FN:385,(anonymous_24)
FN:395,(anonymous_25)
FN:409,(anonymous_26)
FN:425,(anonymous_27)
FN:464,(anonymous_28)
FN:481,(anonymous_29)
FN:482,(anonymous_30)
FN:487,(anonymous_31)
FN:508,(anonymous_32)
FN:517,(anonymous_33)
FN:525,(anonymous_34)
FN:540,(anonymous_35)
FN:559,(anonymous_36)
FNF:37
FNH:0
FNDA:0,(anonymous_0)
FNDA:0,(anonymous_1)
FNDA:0,(anonymous_2)
FNDA:0,(anonymous_3)
FNDA:0,(anonymous_4)
FNDA:0,(anonymous_5)
FNDA:0,(anonymous_6)
FNDA:0,(anonymous_7)
FNDA:0,(anonymous_8)
FNDA:0,(anonymous_9)
FNDA:0,(anonymous_10)
FNDA:0,(anonymous_11)
FNDA:0,(anonymous_12)
FNDA:0,(anonymous_13)
FNDA:0,(anonymous_14)
FNDA:0,(anonymous_15)
FNDA:0,(anonymous_16)
FNDA:0,(anonymous_17)
FNDA:0,(anonymous_18)
FNDA:0,(anonymous_19)
FNDA:0,(anonymous_20)
FNDA:0,(anonymous_21)
FNDA:0,(anonymous_22)
FNDA:0,(anonymous_23)
FNDA:0,(anonymous_24)
FNDA:0,(anonymous_25)
FNDA:0,(anonymous_26)
FNDA:0,(anonymous_27)
FNDA:0,(anonymous_28)
FNDA:0,(anonymous_29)
FNDA:0,(anonymous_30)
FNDA:0,(anonymous_31)
FNDA:0,(anonymous_32)
FNDA:0,(anonymous_33)
FNDA:0,(anonymous_34)
FNDA:0,(anonymous_35)
FNDA:0,(anonymous_36)
DA:34,0
DA:36,0
DA:37,0
DA:49,0
DA:56,0
DA:57,0
DA:61,0
DA:62,0
DA:64,0
DA:68,0
DA:69,0
DA:71,0
DA:72,0
DA:77,0
DA:92,0
DA:93,0
DA:96,0
DA:105,0
DA:108,0
DA:109,0
DA:113,0
DA:114,0
DA:117,0
DA:118,0
DA:122,0
DA:123,0
DA:131,0
DA:133,0
DA:136,0
DA:137,0
DA:139,0
DA:140,0
DA:143,0
DA:147,0
DA:148,0
DA:149,0
DA:150,0
DA:152,0
DA:153,0
DA:156,0
DA:160,0
DA:161,0
DA:164,0
DA:166,0
DA:167,0
DA:170,0
DA:177,0
DA:178,0
DA:180,0
DA:187,0
DA:188,0
DA:190,0
DA:192,0
DA:193,0
DA:196,0
DA:203,0
DA:205,0
DA:212,0
DA:215,0
DA:216,0
DA:219,0
DA:220,0
DA:224,0
DA:225,0
DA:227,0
DA:228,0
DA:229,0
DA:233,0
DA:234,0
DA:237,0
DA:244,0
DA:246,0
DA:249,0
DA:250,0
DA:256,0
DA:265,0
DA:266,0
DA:273,0
DA:275,0
DA:276,0
DA:277,0
DA:278,0
DA:279,0
DA:280,0
DA:282,0
DA:287,0
DA:288,0
DA:295,0
DA:302,0
DA:310,0
DA:313,0
DA:320,0
DA:321,0
DA:322,0
DA:323,0
DA:328,0
DA:332,0
DA:335,0
DA:336,0
DA:339,0
DA:340,0
DA:341,0
DA:342,0
DA:346,0
DA:347,0
DA:348,0
DA:353,0
DA:357,0
DA:358,0
DA:359,0
DA:361,0
DA:362,0
DA:367,0
DA:368,0
DA:373,0
DA:374,0
DA:375,0
DA:380,0
DA:381,0
DA:382,0
DA:386,0
DA:387,0
DA:388,0
DA:391,0
DA:400,0
DA:402,0
DA:410,0
DA:412,0
DA:413,0
DA:414,0
DA:419,0
DA:421,0
DA:426,0
DA:428,0
DA:429,0
DA:430,0
DA:432,0
DA:434,0
DA:437,0
DA:438,0
DA:439,0
DA:443,0
DA:446,0
DA:452,0
DA:453,0
DA:455,0
DA:456,0
DA:459,0
DA:460,0
DA:465,0
DA:467,0
DA:469,0
DA:470,0
DA:471,0
DA:472,0
DA:475,0
DA:482,0
DA:483,0
DA:488,0
DA:489,0
DA:492,0
DA:493,0
DA:494,0
DA:499,0
DA:500,0
DA:503,0
DA:504,0
DA:509,0
DA:510,0
DA:511,0
DA:518,0
DA:521,0
DA:522,0
DA:523,0
DA:525,0
DA:526,0
DA:531,0
DA:534,0
DA:541,0
DA:542,0
DA:543,0
DA:554,0
DA:557,0
DA:559,0
DA:560,0
DA:561,0
DA:566,0
LF:187
LH:0
BRDA:50,0,0,0
BRDA:50,0,1,0
BRDA:51,1,0,0
BRDA:51,1,1,0
BRDA:52,2,0,0
BRDA:52,2,1,0
BRDA:53,3,0,0
BRDA:53,3,1,0
BRDA:61,4,0,0
BRDA:61,4,1,0
BRDA:68,5,0,0
BRDA:68,5,1,0
BRDA:68,6,0,0
BRDA:68,6,1,0
BRDA:92,7,0,0
BRDA:92,7,1,0
BRDA:100,8,0,0
BRDA:100,8,1,0
BRDA:108,9,0,0
BRDA:108,9,1,0
BRDA:117,10,0,0
BRDA:117,10,1,0
BRDA:117,11,0,0
BRDA:117,11,1,0
BRDA:122,12,0,0
BRDA:122,12,1,0
BRDA:133,13,0,0
BRDA:133,13,1,0
BRDA:139,14,0,0
BRDA:139,14,1,0
BRDA:147,15,0,0
BRDA:147,15,1,0
BRDA:152,16,0,0
BRDA:152,16,1,0
BRDA:166,17,0,0
BRDA:166,17,1,0
BRDA:178,18,0,0
BRDA:178,18,1,0
BRDA:188,19,0,0
BRDA:188,19,1,0
BRDA:192,20,0,0
BRDA:192,20,1,0
BRDA:203,21,0,0
BRDA:203,21,1,0
BRDA:215,22,0,0
BRDA:215,22,1,0
BRDA:228,23,0,0
BRDA:228,23,1,0
BRDA:249,24,0,0
BRDA:249,24,1,0
BRDA:266,25,0,0
BRDA:266,25,1,0
BRDA:276,26,0,0
BRDA:276,26,1,0
BRDA:321,27,0,0
BRDA:321,27,1,0
BRDA:332,28,0,0
BRDA:332,28,1,0
BRDA:340,29,0,0
BRDA:340,29,1,0
BRDA:346,30,0,0
BRDA:346,30,1,0
BRDA:357,31,0,0
BRDA:357,31,1,0
BRDA:368,32,0,0
BRDA:368,32,1,0
BRDA:374,33,0,0
BRDA:374,33,1,0
BRDA:381,34,0,0
BRDA:381,34,1,0
BRDA:400,35,0,0
BRDA:400,35,1,0
BRDA:402,36,0,0
BRDA:402,36,1,0
BRDA:402,36,2,0
BRDA:410,37,0,0
BRDA:410,37,1,0
BRDA:426,38,0,0
BRDA:426,38,1,0
BRDA:432,39,0,0
BRDA:432,39,1,0
BRDA:434,40,0,0
BRDA:434,40,1,0
BRDA:437,41,0,0
BRDA:437,41,1,0
BRDA:443,42,0,0
BRDA:443,42,1,0
BRDA:465,43,0,0
BRDA:465,43,1,0
BRDA:470,44,0,0
BRDA:470,44,1,0
BRDA:493,45,0,0
BRDA:493,45,1,0
BRDA:503,46,0,0
BRDA:503,46,1,0
BRDA:509,47,0,0
BRDA:509,47,1,0
BRDA:518,48,0,0
BRDA:518,48,1,0
BRDA:522,49,0,0
BRDA:522,49,1,0
BRDA:557,50,0,0
BRDA:557,50,1,0
BRDA:560,51,0,0
BRDA:560,51,1,0
BRF:105
BRH:0
end_of_record
TN:
SF:src/lib/notion/client.ts
FN:25,(anonymous_0)
FN:36,(anonymous_1)
FN:61,(anonymous_2)
FN:69,(anonymous_3)
FN:73,(anonymous_4)
FN:86,(anonymous_5)
FN:90,(anonymous_6)
FN:103,(anonymous_7)
FN:107,(anonymous_8)
FN:120,(anonymous_9)
FN:124,(anonymous_10)
FN:137,(anonymous_11)
FN:141,(anonymous_12)
FN:154,(anonymous_13)
FN:158,(anonymous_14)
FN:171,(anonymous_15)
FN:175,(anonymous_16)
FN:188,(anonymous_17)
FN:192,(anonymous_18)
FN:205,(anonymous_19)
FN:209,(anonymous_20)
FN:222,(anonymous_21)
FN:223,(anonymous_22)
FN:232,(anonymous_23)
FN:251,(anonymous_24)
FN:252,(anonymous_25)
FN:254,(anonymous_26)
FN:255,(anonymous_27)
FN:256,(anonymous_28)
FN:257,(anonymous_29)
FN:259,(anonymous_30)
FN:276,(anonymous_31)
FN:277,(anonymous_32)
FN:279,(anonymous_33)
FN:280,(anonymous_34)
FN:281,(anonymous_35)
FN:282,(anonymous_36)
FN:287,(anonymous_37)
FN:288,(anonymous_38)
FN:290,(anonymous_39)
FN:319,(anonymous_40)
FN:320,(anonymous_41)
FN:322,(anonymous_42)
FN:323,(anonymous_43)
FN:324,(anonymous_44)
FN:325,(anonymous_45)
FN:348,(anonymous_46)
FN:349,(anonymous_47)
FN:353,(anonymous_48)
FN:356,(anonymous_49)
FN:356,(anonymous_50)
FN:361,(anonymous_51)
FN:362,(anonymous_52)
FN:368,(anonymous_53)
FN:369,(anonymous_54)
FN:374,(anonymous_55)
FN:374,(anonymous_56)
FN:381,(anonymous_57)
FN:382,(anonymous_58)
FN:383,(anonymous_59)
FN:384,(anonymous_60)
FN:406,(anonymous_61)
FN:407,(anonymous_62)
FN:410,(anonymous_63)
FN:417,(anonymous_64)
FN:418,(anonymous_65)
FN:421,(anonymous_66)
FN:427,(anonymous_67)
FN:428,(anonymous_68)
FN:432,(anonymous_69)
FN:442,(anonymous_70)
FN:445,(anonymous_71)
FN:450,(anonymous_72)
FNF:73
FNH:0
FNDA:0,(anonymous_0)
FNDA:0,(anonymous_1)
FNDA:0,(anonymous_2)
FNDA:0,(anonymous_3)
FNDA:0,(anonymous_4)
FNDA:0,(anonymous_5)
FNDA:0,(anonymous_6)
FNDA:0,(anonymous_7)
FNDA:0,(anonymous_8)
FNDA:0,(anonymous_9)
FNDA:0,(anonymous_10)
FNDA:0,(anonymous_11)
FNDA:0,(anonymous_12)
FNDA:0,(anonymous_13)
FNDA:0,(anonymous_14)
FNDA:0,(anonymous_15)
FNDA:0,(anonymous_16)
FNDA:0,(anonymous_17)
FNDA:0,(anonymous_18)
FNDA:0,(anonymous_19)
FNDA:0,(anonymous_20)
FNDA:0,(anonymous_21)
FNDA:0,(anonymous_22)
FNDA:0,(anonymous_23)
FNDA:0,(anonymous_24)
FNDA:0,(anonymous_25)
FNDA:0,(anonymous_26)
FNDA:0,(anonymous_27)
FNDA:0,(anonymous_28)
FNDA:0,(anonymous_29)
FNDA:0,(anonymous_30)
FNDA:0,(anonymous_31)
FNDA:0,(anonymous_32)
FNDA:0,(anonymous_33)
FNDA:0,(anonymous_34)
FNDA:0,(anonymous_35)
FNDA:0,(anonymous_36)
FNDA:0,(anonymous_37)
FNDA:0,(anonymous_38)
FNDA:0,(anonymous_39)
FNDA:0,(anonymous_40)
FNDA:0,(anonymous_41)
FNDA:0,(anonymous_42)
FNDA:0,(anonymous_43)
FNDA:0,(anonymous_44)
FNDA:0,(anonymous_45)
FNDA:0,(anonymous_46)
FNDA:0,(anonymous_47)
FNDA:0,(anonymous_48)
FNDA:0,(anonymous_49)
FNDA:0,(anonymous_50)
FNDA:0,(anonymous_51)
FNDA:0,(anonymous_52)
FNDA:0,(anonymous_53)
FNDA:0,(anonymous_54)
FNDA:0,(anonymous_55)
FNDA:0,(anonymous_56)
FNDA:0,(anonymous_57)
FNDA:0,(anonymous_58)
FNDA:0,(anonymous_59)
FNDA:0,(anonymous_60)
FNDA:0,(anonymous_61)
FNDA:0,(anonymous_62)
FNDA:0,(anonymous_63)
FNDA:0,(anonymous_64)
FNDA:0,(anonymous_65)
FNDA:0,(anonymous_66)
FNDA:0,(anonymous_67)
FNDA:0,(anonymous_68)
FNDA:0,(anonymous_69)
FNDA:0,(anonymous_70)
FNDA:0,(anonymous_71)
FNDA:0,(anonymous_72)
DA:3,0
DA:5,0
DA:20,0
DA:22,0
DA:23,0
DA:26,0
DA:27,0
DA:28,0
DA:31,0
DA:41,0
DA:43,0
DA:44,0
DA:47,0
DA:48,0
DA:50,0
DA:51,0
DA:52,0
DA:55,0
DA:56,0
DA:57,0
DA:58,0
DA:65,0
DA:70,0
DA:71,0
DA:73,0
DA:74,0
DA:81,0
DA:87,0
DA:88,0
DA:90,0
DA:91,0
DA:98,0
DA:104,0
DA:105,0
DA:107,0
DA:108,0
DA:115,0
DA:121,0
DA:122,0
DA:124,0
DA:125,0
DA:132,0
DA:138,0
DA:139,0
DA:141,0
DA:142,0
DA:149,0
DA:155,0
DA:156,0
DA:158,0
DA:159,0
DA:166,0
DA:172,0
DA:173,0
DA:175,0
DA:176,0
DA:183,0
DA:189,0
DA:190,0
DA:192,0
DA:193,0
DA:200,0
DA:206,0
DA:207,0
DA:209,0
DA:210,0
DA:217,0
DA:223,0
DA:224,0
DA:227,0
DA:233,0
DA:235,0
DA:236,0
DA:237,0
DA:238,0
DA:243,0
DA:244,0
DA:245,0
DA:252,0
DA:253,0
DA:254,0
DA:255,0
DA:256,0
DA:257,0
DA:258,0
DA:259,0
DA:261,0
DA:277,0
DA:278,0
DA:279,0
DA:280,0
DA:281,0
DA:282,0
DA:283,0
DA:284,0
DA:285,0
DA:287,0
DA:288,0
DA:289,0
DA:290,0
DA:292,0
DA:320,0
DA:321,0
DA:322,0
DA:323,0
DA:324,0
DA:325,0
DA:326,0
DA:327,0
DA:328,0
DA:331,0
DA:349,0
DA:353,0
DA:356,0
DA:362,0
DA:363,0
DA:364,0
DA:368,0
DA:370,0
DA:371,0
DA:372,0
DA:374,0
DA:382,0
DA:383,0
DA:384,0
DA:385,0
DA:387,0
DA:407,0
DA:410,0
DA:418,0
DA:421,0
DA:428,0
DA:433,0
DA:434,0
DA:435,0
DA:436,0
DA:438,0
DA:439,0
DA:442,0
DA:445,0
DA:451,0
DA:452,0
DA:455,0
DA:456,0
DA:458,0
DA:459,0
DA:465,0
LF:147
LH:0
BRDA:27,0,0,0
BRDA:27,0,1,0
BRDA:43,1,0,0
BRDA:43,1,1,0
BRDA:48,2,0,0
BRDA:48,2,1,0
BRDA:50,3,0,0
BRDA:50,3,1,0
BRDA:50,4,0,0
BRDA:50,4,1,0
BRDA:63,5,0,0
BRDA:71,6,0,0
BRDA:71,6,1,0
BRDA:88,7,0,0
BRDA:88,7,1,0
BRDA:105,8,0,0
BRDA:105,8,1,0
BRDA:122,9,0,0
BRDA:122,9,1,0
BRDA:139,10,0,0
BRDA:139,10,1,0
BRDA:156,11,0,0
BRDA:156,11,1,0
BRDA:173,12,0,0
BRDA:173,12,1,0
BRDA:190,13,0,0
BRDA:190,13,1,0
BRDA:207,14,0,0
BRDA:207,14,1,0
BRDA:233,15,0,0
BRDA:233,15,1,0
BRDA:236,16,0,0
BRDA:236,16,1,0
BRDA:255,17,0,0
BRDA:255,17,1,0
BRDA:255,18,0,0
BRDA:255,18,1,0
BRDA:257,19,0,0
BRDA:257,19,1,0
BRDA:258,20,0,0
BRDA:258,20,1,0
BRDA:263,21,0,0
BRDA:263,21,1,0
BRDA:264,22,0,0
BRDA:264,22,1,0
BRDA:265,23,0,0
BRDA:265,23,1,0
BRDA:266,24,0,0
BRDA:266,24,1,0
BRDA:270,25,0,0
BRDA:270,25,1,0
BRDA:271,26,0,0
BRDA:271,26,1,0
BRDA:279,27,0,0
BRDA:279,27,1,0
BRDA:281,28,0,0
BRDA:281,28,1,0
BRDA:281,29,0,0
BRDA:281,29,1,0
BRDA:284,30,0,0
BRDA:284,30,1,0
BRDA:285,31,0,0
BRDA:285,31,1,0
BRDA:285,32,0,0
BRDA:285,32,1,0
BRDA:285,33,0,0
BRDA:285,33,1,0
BRDA:288,34,0,0
BRDA:288,34,1,0
BRDA:289,35,0,0
BRDA:289,35,1,0
BRDA:294,36,0,0
BRDA:294,36,1,0
BRDA:297,37,0,0
BRDA:297,37,1,0
BRDA:298,38,0,0
BRDA:298,38,1,0
BRDA:322,39,0,0
BRDA:322,39,1,0
BRDA:324,40,0,0
BRDA:324,40,1,0
BRDA:324,41,0,0
BRDA:324,41,1,0
BRDA:327,42,0,0
BRDA:327,42,1,0
BRDA:328,43,0,0
BRDA:328,43,1,0
BRDA:328,44,0,0
BRDA:328,44,1,0
BRDA:328,45,0,0
BRDA:328,45,1,0
BRDA:333,46,0,0
BRDA:333,46,1,0
BRDA:334,47,0,0
BRDA:334,47,1,0
BRDA:335,48,0,0
BRDA:335,48,1,0
BRDA:342,49,0,0
BRDA:342,49,1,0
BRDA:351,50,0,0
BRDA:351,50,1,0
BRDA:352,51,0,0
BRDA:352,51,1,0
BRDA:353,52,0,0
BRDA:353,52,1,0
BRDA:353,53,0,0
BRDA:353,53,1,0
BRDA:354,54,0,0
BRDA:354,54,1,0
BRDA:356,55,0,0
BRDA:356,55,1,0
BRDA:356,56,0,0
BRDA:356,56,1,0
BRDA:366,57,0,0
BRDA:366,57,1,0
BRDA:367,58,0,0
BRDA:367,58,1,0
BRDA:368,59,0,0
BRDA:368,59,1,0
BRDA:368,60,0,0
BRDA:368,60,1,0
BRDA:371,61,0,0
BRDA:371,61,1,0
BRDA:372,62,0,0
BRDA:372,62,1,0
BRDA:372,63,0,0
BRDA:372,63,1,0
BRDA:372,64,0,0
BRDA:372,64,1,0
BRDA:374,65,0,0
BRDA:374,65,1,0
BRDA:384,66,0,0
BRDA:384,66,1,0
BRDA:384,67,0,0
BRDA:384,67,1,0
BRDA:389,68,0,0
BRDA:389,68,1,0
BRDA:390,69,0,0
BRDA:390,69,1,0
BRDA:391,70,0,0
BRDA:391,70,1,0
BRDA:392,71,0,0
BRDA:392,71,1,0
BRDA:393,72,0,0
BRDA:393,72,1,0
BRDA:395,73,0,0
BRDA:395,73,1,0
BRDA:396,74,0,0
BRDA:396,74,1,0
BRDA:400,75,0,0
BRDA:400,75,1,0
BRDA:401,76,0,0
BRDA:401,76,1,0
BRDA:409,77,0,0
BRDA:409,77,1,0
BRDA:410,78,0,0
BRDA:410,78,1,0
BRDA:410,79,0,0
BRDA:410,79,1,0
BRDA:411,80,0,0
BRDA:411,80,1,0
BRDA:412,81,0,0
BRDA:412,81,1,0
BRDA:420,82,0,0
BRDA:420,82,1,0
BRDA:421,83,0,0
[...]
FN:11,(anonymous_19)
FN:11,(anonymous_20)
FN:12,(anonymous_21)
FN:12,(anonymous_22)
FN:13,(anonymous_23)
FN:13,(anonymous_24)
FN:16,(anonymous_25)
FN:16,(anonymous_26)
FN:17,(anonymous_27)
FN:17,(anonymous_28)
FN:20,(anonymous_29)
FN:20,(anonymous_30)
FN:21,(anonymous_31)
FN:21,(anonymous_32)
FNF:24
FNH:0
FNDA:0,(anonymous_9)
FNDA:0,(anonymous_10)
FNDA:0,(anonymous_11)
FNDA:0,(anonymous_12)
FNDA:0,(anonymous_13)
FNDA:0,(anonymous_14)
FNDA:0,(anonymous_15)
FNDA:0,(anonymous_16)
FNDA:0,(anonymous_17)
FNDA:0,(anonymous_18)
FNDA:0,(anonymous_19)
FNDA:0,(anonymous_20)
FNDA:0,(anonymous_21)
FNDA:0,(anonymous_22)
FNDA:0,(anonymous_23)
FNDA:0,(anonymous_24)
FNDA:0,(anonymous_25)
FNDA:0,(anonymous_26)
FNDA:0,(anonymous_27)
FNDA:0,(anonymous_28)
FNDA:0,(anonymous_29)
FNDA:0,(anonymous_30)
FNDA:0,(anonymous_31)
FNDA:0,(anonymous_32)
DA:1,0
DA:4,0
DA:5,0
DA:6,0
DA:7,0
DA:8,0
DA:11,0
DA:12,0
DA:13,0
DA:16,0
DA:17,0
DA:20,0
DA:21,0
DA:23,0
LF:14
LH:0
BRF:0
BRH:0
end_of_record
TN:
SF:src/utils/logger.ts
FN:13,(anonymous_0)
FN:21,(anonymous_1)
FN:32,(anonymous_2)
FN:38,(anonymous_3)
FN:44,(anonymous_4)
FN:50,(anonymous_5)
FN:61,(anonymous_6)
FN:76,(anonymous_7)
FN:82,(anonymous_8)
FN:89,(anonymous_9)
FN:95,(anonymous_10)
FNF:11
FNH:0
FNDA:0,(anonymous_0)
FNDA:0,(anonymous_1)
FNDA:0,(anonymous_2)
FNDA:0,(anonymous_3)
FNDA:0,(anonymous_4)
FNDA:0,(anonymous_5)
FNDA:0,(anonymous_6)
FNDA:0,(anonymous_7)
FNDA:0,(anonymous_8)
FNDA:0,(anonymous_9)
FNDA:0,(anonymous_10)
DA:14,0
DA:22,0
DA:29,0
DA:33,0
DA:34,0
DA:39,0
DA:40,0
DA:45,0
DA:46,0
DA:51,0
DA:52,0
DA:55,0
DA:56,0
DA:62,0
DA:65,0
DA:67,0
DA:71,0
DA:77,0
DA:78,0
DA:83,0
DA:84,0
DA:90,0
DA:91,0
DA:96,0
DA:97,0
DA:102,0
DA:103,0
LF:27
LH:0
BRDA:15,0,0,0
BRDA:15,0,1,0
BRDA:33,1,0,0
BRDA:33,1,1,0
BRDA:33,2,0,0
BRDA:33,2,1,0
BRDA:39,3,0,0
BRDA:39,3,1,0
BRDA:39,4,0,0
BRDA:39,4,1,0
BRDA:45,5,0,0
BRDA:45,5,1,0
BRDA:45,6,0,0
BRDA:45,6,1,0
BRDA:51,7,0,0
BRDA:51,7,1,0
BRDA:55,8,0,0
BRDA:55,8,1,0
BRDA:55,9,0,0
BRDA:55,9,1,0
BRDA:65,10,0,0
BRDA:65,10,1,0
BRDA:65,11,0,0
BRDA:65,11,1,0
BRDA:77,12,0,0
BRDA:77,12,1,0
BRDA:77,13,0,0
BRDA:77,13,1,0
BRDA:83,14,0,0
BRDA:83,14,1,0
BRDA:83,15,0,0
BRDA:83,15,1,0
BRDA:90,16,0,0
BRDA:90,16,1,0
BRDA:90,17,0,0
BRDA:90,17,1,0
BRDA:96,18,0,0
BRDA:96,18,1,0
BRDA:96,19,0,0
BRDA:96,19,1,0
BRF:40
BRH:0
end_of_record
TN:
SF:src/utils/urlUtils.ts
FN:7,(anonymous_0)
FN:18,(anonymous_1)
FN:27,(anonymous_2)
FN:36,(anonymous_3)
FN:46,(anonymous_4)
FN:57,(anonymous_5)
FN:64,(anonymous_6)
FNF:7
FNH:0
FNDA:0,(anonymous_0)
FNDA:0,(anonymous_1)
FNDA:0,(anonymous_2)
FNDA:0,(anonymous_3)
FNDA:0,(anonymous_4)
FNDA:0,(anonymous_5)
FNDA:0,(anonymous_6)
DA:7,0
DA:8,0
DA:10,0
DA:14,0
DA:18,0
DA:19,0
DA:20,0
DA:23,0
DA:27,0
DA:28,0
DA:29,0
DA:32,0
DA:36,0
DA:37,0
DA:44,0
DA:45,0
DA:46,0
DA:47,0
DA:52,0
DA:57,0
DA:58,0
DA:59,0
DA:60,0
DA:64,0
DA:65,0
DA:66,0
DA:69,0
DA:70,0
DA:71,0
DA:72,0
DA:73,0
DA:75,0
DA:78,0
LF:33
LH:0
BRDA:8,0,0,0
BRDA:8,0,1,0
BRDA:10,1,0,0
BRDA:10,1,1,0
BRDA:19,2,0,0
BRDA:19,2,1,0
BRDA:20,3,0,0
BRDA:20,3,1,0
BRDA:28,4,0,0
BRDA:28,4,1,0
BRDA:29,5,0,0
BRDA:29,5,1,0
BRDA:47,6,0,0
BRDA:47,6,1,0
BRDA:47,6,2,0
BRDA:47,6,3,0
BRDA:59,7,0,0
BRDA:59,7,1,0
BRDA:59,8,0,0
BRDA:59,8,1,0
BRDA:65,9,0,0
BRDA:65,9,1,0
BRDA:66,10,0,0
BRDA:66,10,1,0
BRDA:70,11,0,0
BRDA:70,11,1,0
BRDA:70,12,0,0
BRDA:70,12,1,0
BRDA:72,13,0,0
BRDA:72,13,1,0
BRF:30
BRH:0
end_of_record
TN:
SF:src/utils/performance/LighthouseIntegration.ts
FN:42,(anonymous_0)
FN:47,(anonymous_1)
FN:54,(anonymous_2)
FN:84,(anonymous_3)
FN:118,(anonymous_4)
FN:147,(anonymous_5)
FN:156,(anonymous_6)
FN:167,(anonymous_7)
FN:173,(anonymous_8)
FN:200,(anonymous_9)
FN:201,(anonymous_10)
FN:204,(anonymous_11)
FN:208,(anonymous_12)
FN:212,(anonymous_13)
FN:217,(anonymous_14)
FN:224,(anonymous_15)
FN:244,(anonymous_16)
FN:252,(anonymous_17)
FN:294,(anonymous_18)
FN:303,(anonymous_19)
FN:307,(anonymous_20)
FN:311,(anonymous_21)
FN:342,(anonymous_22)
FNF:23
FNH:0
FNDA:0,(anonymous_0)
FNDA:0,(anonymous_1)
FNDA:0,(anonymous_2)
FNDA:0,(anonymous_3)
FNDA:0,(anonymous_4)
FNDA:0,(anonymous_5)
FNDA:0,(anonymous_6)
FNDA:0,(anonymous_7)
FNDA:0,(anonymous_8)
FNDA:0,(anonymous_9)
FNDA:0,(anonymous_10)
FNDA:0,(anonymous_11)
FNDA:0,(anonymous_12)
FNDA:0,(anonymous_13)
FNDA:0,(anonymous_14)
FNDA:0,(anonymous_15)
FNDA:0,(anonymous_16)
FNDA:0,(anonymous_17)
FNDA:0,(anonymous_18)
FNDA:0,(anonymous_19)
FNDA:0,(anonymous_20)
FNDA:0,(anonymous_21)
FNDA:0,(anonymous_22)
DA:1,0
DA:44,0
DA:45,0
DA:48,0
DA:49,0
DA:51,0
DA:55,0
DA:56,0
DA:59,0
DA:61,0
DA:63,0
DA:64,0
DA:67,0
DA:77,0
DA:78,0
DA:80,0
DA:88,0
DA:89,0
DA:92,0
DA:95,0
DA:96,0
DA:97,0
DA:98,0
DA:100,0
DA:115,0
DA:122,0
DA:125,0
DA:126,0
DA:127,0
DA:130,0
DA:131,0
DA:132,0
DA:135,0
DA:136,0
DA:137,0
DA:140,0
DA:141,0
DA:142,0
DA:144,0
DA:149,0
DA:150,0
DA:153,0
DA:157,0
DA:158,0
DA:160,0
DA:161,0
DA:164,0
DA:170,0
DA:174,0
DA:182,0
DA:184,0
DA:185,0
DA:186,0
DA:187,0
DA:188,0
DA:191,0
DA:193,0
DA:197,0
DA:201,0
DA:205,0
DA:209,0
DA:217,0
DA:226,0
DA:228,0
DA:245,0
DA:246,0
DA:247,0
DA:248,0
DA:249,0
DA:253,0
DA:255,0
DA:256,0
DA:258,0
DA:259,0
DA:262,0
DA:263,0
DA:266,0
DA:267,0
DA:270,0
DA:271,0
DA:275,0
DA:276,0
DA:279,0
DA:280,0
DA:283,0
DA:284,0
DA:287,0
DA:288,0
DA:291,0
DA:295,0
DA:300,0
DA:304,0
DA:308,0
DA:316,0
DA:317,0
DA:319,0
DA:320,0
DA:321,0
DA:323,0
DA:325,0
DA:326,0
DA:327,0
DA:329,0
DA:330,0
DA:331,0
DA:332,0
DA:334,0
DA:338,0
DA:351,0
DA:353,0
DA:355,0
DA:356,0
DA:359,0
DA:360,0
DA:363,0
DA:364,0
DA:367,0
DA:375,0
DA:376,0
LF:119
LH:0
BRDA:48,0,0,0
BRDA:48,0,1,0
BRDA:55,1,0,0
BRDA:55,1,1,0
BRDA:63,2,0,0
BRDA:63,2,1,0
BRDA:106,3,0,0
BRDA:106,3,1,0
BRDA:106,3,2,0
BRDA:107,4,0,0
BRDA:107,4,1,0
BRDA:108,5,0,0
BRDA:108,5,1,0
BRDA:109,6,0,0
BRDA:109,6,1,0
BRDA:125,7,0,0
BRDA:125,7,1,0
BRDA:126,8,0,0
BRDA:126,8,1,0
BRDA:127,9,0,0
BRDA:127,9,1,0
BRDA:130,10,0,0
BRDA:130,10,1,0
BRDA:131,11,0,0
BRDA:131,11,1,0
BRDA:132,12,0,0
BRDA:132,12,1,0
BRDA:135,13,0,0
BRDA:135,13,1,0
BRDA:136,14,0,0
BRDA:136,14,1,0
BRDA:137,15,0,0
BRDA:137,15,1,0
BRDA:140,16,0,0
BRDA:140,16,1,0
BRDA:141,17,0,0
BRDA:141,17,1,0
BRDA:142,18,0,0
BRDA:142,18,1,0
BRDA:149,19,0,0
BRDA:149,19,1,0
BRDA:150,20,0,0
BRDA:150,20,1,0
BRDA:170,21,0,0
BRDA:170,21,1,0
BRDA:174,22,0,0
BRDA:174,22,1,0
BRDA:205,23,0,0
BRDA:205,23,1,0
BRDA:229,24,0,0
BRDA:229,24,1,0
BRDA:230,25,0,0
BRDA:230,25,1,0
BRDA:231,26,0,0
BRDA:231,26,1,0
BRDA:232,27,0,0
BRDA:232,27,1,0
BRDA:234,28,0,0
BRDA:234,28,1,0
BRDA:235,29,0,0
BRDA:235,29,1,0
BRDA:236,30,0,0
BRDA:236,30,1,0
BRDA:237,31,0,0
BRDA:237,31,1,0
BRDA:238,32,0,0
BRDA:238,32,1,0
BRDA:239,33,0,0
BRDA:239,33,1,0
BRDA:240,34,0,0
BRDA:240,34,1,0
BRDA:245,35,0,0
BRDA:245,35,1,0
BRDA:246,36,0,0
BRDA:246,36,1,0
BRDA:247,37,0,0
BRDA:247,37,1,0
BRDA:248,38,0,0
BRDA:248,38,1,0
BRDA:255,39,0,0
BRDA:255,39,1,0
BRDA:258,40,0,0
BRDA:258,40,1,0
BRDA:262,41,0,0
BRDA:262,41,1,0
BRDA:266,42,0,0
BRDA:266,42,1,0
BRDA:270,43,0,0
BRDA:270,43,1,0
BRDA:275,44,0,0
BRDA:275,44,1,0
BRDA:279,45,0,0
BRDA:279,45,1,0
BRDA:283,46,0,0
BRDA:283,46,1,0
BRDA:287,47,0,0
BRDA:287,47,1,0
BRDA:287,48,0,0
BRDA:287,48,1,0
BRDA:326,49,0,0
BRDA:326,49,1,0
BRDA:327,50,0,0
BRDA:327,50,1,0
BRDA:329,51,0,0
BRDA:329,51,1,0
BRDA:331,52,0,0
BRDA:331,52,1,0
BRDA:342,53,0,0
BRDA:355,54,0,0
BRDA:355,54,1,0
BRDA:359,55,0,0
BRDA:359,55,1,0
BRDA:363,56,0,0
BRDA:363,56,1,0
BRF:114
BRH:0
end_of_record
TN:
SF:src/utils/performance/MetricsCollector.ts
FN:83,(anonymous_0)
FN:91,(anonymous_1)
FN:98,(anonymous_2)
FN:110,(anonymous_3)
FN:115,(anonymous_4)
FN:119,(anonymous_5)
FN:132,(anonymous_6)
FN:142,(anonymous_7)
FN:143,(anonymous_8)
FN:148,(anonymous_9)
FN:153,(anonymous_10)
FN:158,(anonymous_11)
FN:163,(anonymous_12)
FN:179,(anonymous_13)
FN:187,(anonymous_14)
FN:191,(anonymous_15)
FN:193,(anonymous_16)
FN:216,(anonymous_17)
FN:220,(anonymous_18)
FN:229,(anonymous_19)
FN:233,(anonymous_20)
FN:235,(anonymous_21)
FN:249,(anonymous_22)
FN:268,(anonymous_23)
FN:273,(anonymous_24)
FN:278,(anonymous_25)
FN:292,(anonymous_26)
FN:295,(anonymous_27)
FN:312,(anonymous_28)
FN:313,(anonymous_29)
FN:326,(anonymous_30)
FN:341,(anonymous_31)
FN:346,(anonymous_32)
FN:353,(anonymous_33)
FN:385,(anonymous_34)
FN:409,(anonymous_35)
FN:415,(anonymous_36)
FN:421,(anonymous_37)
FN:427,(anonymous_38)
FN:431,(anonymous_39)
FN:435,(anonymous_40)
FN:439,(anonymous_41)
FN:446,(anonymous_42)
FN:462,(anonymous_43)
FN:466,(anonymous_44)
FN:482,(anonymous_45)
FN:496,(anonymous_46)
FN:501,(anonymous_47)
FNF:48
FNH:0
FNDA:0,(anonymous_0)
FNDA:0,(anonymous_1)
FNDA:0,(anonymous_2)
FNDA:0,(anonymous_3)
FNDA:0,(anonymous_4)
FNDA:0,(anonymous_5)
FNDA:0,(anonymous_6)
FNDA:0,(anonymous_7)
FNDA:0,(anonymous_8)
FNDA:0,(anonymous_9)
FNDA:0,(anonymous_10)
FNDA:0,(anonymous_11)
FNDA:0,(anonymous_12)
FNDA:0,(anonymous_13)
FNDA:0,(anonymous_14)
FNDA:0,(anonymous_15)
FNDA:0,(anonymous_16)
FNDA:0,(anonymous_17)
FNDA:0,(anonymous_18)
FNDA:0,(anonymous_19)
FNDA:0,(anonymous_20)
FNDA:0,(anonymous_21)
FNDA:0,(anonymous_22)
FNDA:0,(anonymous_23)
FNDA:0,(anonymous_24)
FNDA:0,(anonymous_25)
FNDA:0,(anonymous_26)
FNDA:0,(anonymous_27)
FNDA:0,(anonymous_28)
FNDA:0,(anonymous_29)
FNDA:0,(anonymous_30)
FNDA:0,(anonymous_31)
FNDA:0,(anonymous_32)
FNDA:0,(anonymous_33)
FNDA:0,(anonymous_34)
FNDA:0,(anonymous_35)
FNDA:0,(anonymous_36)
FNDA:0,(anonymous_37)
FNDA:0,(anonymous_38)
FNDA:0,(anonymous_39)
FNDA:0,(anonymous_40)
FNDA:0,(anonymous_41)
FNDA:0,(anonymous_42)
FNDA:0,(anonymous_43)
FNDA:0,(anonymous_44)
FNDA:0,(anonymous_45)
FNDA:0,(anonymous_46)
FNDA:0,(anonymous_47)
DA:1,0
DA:85,0
DA:86,0
DA:87,0
DA:88,0
DA:89,0
DA:92,0
DA:93,0
DA:95,0
DA:99,0
DA:101,0
DA:102,0
DA:103,0
DA:104,0
DA:105,0
DA:106,0
DA:107,0
DA:111,0
DA:112,0
DA:116,0
DA:120,0
DA:133,0
DA:134,0
DA:135,0
DA:143,0
DA:144,0
DA:145,0
DA:148,0
DA:149,0
DA:150,0
DA:153,0
DA:154,0
DA:155,0
DA:158,0
DA:159,0
DA:160,0
DA:163,0
DA:164,0
DA:165,0
DA:168,0
DA:169,0
DA:170,0
DA:171,0
DA:172,0
DA:173,0
DA:175,0
DA:181,0
DA:182,0
DA:183,0
DA:188,0
DA:190,0
DA:191,0
DA:192,0
DA:193,0
DA:194,0
DA:195,0
DA:196,0
DA:205,0
DA:210,0
DA:212,0
DA:217,0
DA:221,0
DA:222,0
DA:223,0
DA:224,0
DA:225,0
DA:226,0
DA:230,0
DA:232,0
DA:233,0
DA:234,0
DA:235,0
DA:236,0
DA:237,0
DA:238,0
DA:243,0
DA:245,0
DA:250,0
DA:262,0
DA:263,0
DA:264,0
DA:269,0
DA:270,0
DA:275,0
DA:280,0
DA:281,0
DA:283,0
DA:284,0
DA:285,0
DA:289,0
DA:293,0
DA:295,0
DA:296,0
DA:297,0
DA:298,0
DA:299,0
DA:308,0
DA:309,0
DA:313,0
DA:314,0
DA:315,0
DA:326,0
DA:327,0
DA:328,0
DA:337,0
DA:338,0
DA:342,0
DA:343,0
DA:347,0
DA:348,0
DA:349,0
DA:354,0
DA:356,0
DA:381,0
DA:382,0
DA:386,0
DA:393,0
DA:400,0
DA:403,0
DA:404,0
DA:405,0
DA:410,0
DA:411,0
DA:416,0
DA:417,0
DA:422,0
DA:423,0
DA:428,0
DA:432,0
DA:436,0
DA:440,0
DA:441,0
DA:443,0
DA:459,0
DA:462,0
DA:467,0
DA:473,0
DA:483,0
DA:484,0
DA:486,0
DA:487,0
DA:488,0
DA:489,0
DA:493,0
DA:497,0
DA:498,0
DA:502,0
DA:503,0
DA:504,0
DA:508,0
DA:509,0
LF:151
LH:0
BRDA:92,0,0,0
BRDA:92,0,1,0
BRDA:99,1,0,0
BRDA:99,1,1,0
BRDA:133,2,0,0
BRDA:133,2,1,0
BRDA:136,3,0,0
BRDA:136,3,1,0
BRDA:182,4,0,0
BRDA:182,4,1,0
BRDA:188,5,0,0
BRDA:188,5,1,0
BRDA:194,6,0,0
BRDA:194,6,1,0
BRDA:201,7,0,0
BRDA:201,7,1,0
BRDA:221,8,0,0
BRDA:221,8,1,0
BRDA:222,9,0,0
BRDA:222,9,1,0
BRDA:223,10,0,0
BRDA:223,10,1,0
BRDA:224,11,0,0
BRDA:224,11,1,0
BRDA:225,12,0,0
BRDA:225,12,1,0
BRDA:230,13,0,0
BRDA:230,13,1,0
BRDA:236,14,0,0
BRDA:236,14,1,0
BRDA:256,15,0,0
BRDA:256,15,1,0
BRDA:257,16,0,0
BRDA:257,16,1,0
BRDA:263,17,0,0
BRDA:263,17,1,0
BRDA:270,18,0,0
BRDA:270,18,1,0
BRDA:284,19,0,0
BRDA:284,19,1,0
BRDA:293,20,0,0
BRDA:293,20,1,0
BRDA:298,21,0,0
BRDA:298,21,1,0
BRDA:314,22,0,0
BRDA:314,22,1,0
BRDA:316,23,0,0
BRDA:316,23,1,0
BRDA:327,24,0,0
BRDA:327,24,1,0
BRDA:330,25,0,0
BRDA:330,25,1,0
BRDA:342,26,0,0
BRDA:342,26,1,0
BRDA:343,27,0,0
BRDA:343,27,1,0
BRDA:348,28,0,0
BRDA:348,28,1,0
BRDA:354,29,0,0
BRDA:354,29,1,0
BRDA:354,30,0,0
BRDA:354,30,1,0
BRDA:357,31,0,0
BRDA:357,31,1,0
BRDA:386,32,0,0
BRDA:386,32,1,0
BRDA:404,33,0,0
BRDA:404,33,1,0
BRDA:410,34,0,0
BRDA:410,34,1,0
BRDA:416,35,0,0
BRDA:416,35,1,0
BRDA:422,36,0,0
BRDA:422,36,1,0
BRDA:422,37,0,0
BRDA:422,37,1,0
BRDA:436,38,0,0
BRDA:436,38,1,0
BRDA:440,39,0,0
BRDA:440,39,1,0
BRDA:441,40,0,0
BRDA:441,40,1,0
BRDA:461,41,0,0
BRDA:461,41,1,0
BRDA:464,42,0,0
BRDA:464,42,1,0
BRDA:465,43,0,0
BRDA:465,43,1,0
BRDA:467,44,0,0
BRDA:467,44,1,0
BRDA:467,45,0,0
BRDA:467,45,1,0
BRDA:487,46,0,0
BRDA:487,46,1,0
BRF:94
BRH:0
end_of_record
TN:
SF:src/utils/performance/OptimizedComponentWrapper.tsx
FN:22,withPerformanceOptimization
FN:48,(anonymous_10)
FN:50,(anonymous_11)
FN:53,(anonymous_12)
FN:56,(anonymous_13)
FN:56,(anonymous_14)
FN:67,(anonymous_15)
FN:70,(anonymous_16)
FN:73,(anonymous_17)
FN:73,(anonymous_18)
FN:84,(anonymous_19)
FN:95,withPerformanceTracking
FN:98,(anonymous_21)
FN:108,(anonymous_22)
FN:149,OptimizedVirtualList
FN:152,(anonymous_24)
FN:153,(anonymous_25)
FN:161,(anonymous_26)
FN:192,(anonymous_27)
FN:193,(anonymous_28)
FN:197,(anonymous_29)
FN:206,(anonymous_30)
FN:212,(anonymous_31)
FN:232,(anonymous_32)
FN:247,useOptimizedMemo
FN:259,(anonymous_34)
FN:262,(anonymous_35)
FN:272,(anonymous_36)
FN:299,useDebouncedState
FN:307,(anonymous_38)
FN:307,(anonymous_39)
FN:313,(anonymous_40)
FN:315,(anonymous_41)
FN:322,useThrottledState
FN:330,(anonymous_43)
FN:330,(anonymous_44)
FN:336,(anonymous_45)
FN:338,(anonymous_46)
FN:347,(anonymous_47)
FN:357,(anonymous_48)
FN:367,(anonymous_49)
FN:371,(anonymous_50)
FN:383,(anonymous_51)
FNF:43
FNH:0
FNDA:0,withPerformanceOptimization
FNDA:0,(anonymous_10)
FNDA:0,(anonymous_11)
FNDA:0,(anonymous_12)
FNDA:0,(anonymous_13)
FNDA:0,(anonymous_14)
FNDA:0,(anonymous_15)
FNDA:0,(anonymous_16)
FNDA:0,(anonymous_17)
FNDA:0,(anonymous_18)
FNDA:0,(anonymous_19)
FNDA:0,withPerformanceTracking
FNDA:0,(anonymous_21)
FNDA:0,(anonymous_22)
FNDA:0,OptimizedVirtualList
FNDA:0,(anonymous_24)
FNDA:0,(anonymous_25)
FNDA:0,(anonymous_26)
FNDA:0,(anonymous_27)
FNDA:0,(anonymous_28)
FNDA:0,(anonymous_29)
FNDA:0,(anonymous_30)
FNDA:0,(anonymous_31)
FNDA:0,(anonymous_32)
FNDA:0,useOptimizedMemo
FNDA:0,(anonymous_34)
FNDA:0,(anonymous_35)
FNDA:0,(anonymous_36)
FNDA:0,useDebouncedState
FNDA:0,(anonymous_38)
FNDA:0,(anonymous_39)
FNDA:0,(anonymous_40)
FNDA:0,(anonymous_41)
FNDA:0,useThrottledState
FNDA:0,(anonymous_43)
FNDA:0,(anonymous_44)
FNDA:0,(anonymous_45)
FNDA:0,(anonymous_46)
FNDA:0,(anonymous_47)
FNDA:0,(anonymous_48)
FNDA:0,(anonymous_49)
FNDA:0,(anonymous_50)
FNDA:0,(anonymous_51)
DA:1,0
DA:2,0
DA:22,0
DA:38,0
DA:40,0
DA:44,0
DA:48,0
DA:50,0
DA:51,0
DA:53,0
DA:54,0
DA:55,0
DA:56,0
DA:59,0
DA:63,0
DA:67,0
DA:68,0
DA:70,0
DA:71,0
DA:72,0
DA:73,0
DA:76,0
DA:80,0
DA:84,0
DA:90,0
DA:98,0
DA:99,0
DA:106,0
DA:108,0
DA:109,0
DA:110,0
DA:112,0
DA:113,0
DA:114,0
DA:115,0
DA:118,0
DA:119,0
DA:126,0
DA:131,0
DA:134,0
DA:136,0
DA:149,0
DA:152,0
DA:153,0
DA:157,0
DA:158,0
DA:161,0
DA:162,0
DA:163,0
DA:166,0
DA:167,0
DA:168,0
DA:169,0
DA:170,0
DA:172,0
DA:175,0
DA:176,0
DA:179,0
DA:180,0
DA:181,0
DA:182,0
DA:183,0
DA:185,0
DA:188,0
DA:192,0
DA:193,0
DA:197,0
DA:198,0
DA:199,0
DA:200,0
DA:202,0
DA:205,0
DA:207,0
DA:212,0
DA:213,0
DA:216,0
DA:233,0
DA:247,0
DA:255,0
DA:256,0
DA:257,0
DA:259,0
DA:261,0
DA:262,0
DA:265,0
DA:269,0
DA:272,0
DA:273,0
DA:274,0
DA:277,0
DA:280,0
DA:281,0
DA:282,0
DA:286,0
DA:290,0
DA:292,0
DA:295,0
DA:299,0
DA:303,0
DA:304,0
DA:306,0
DA:307,0
DA:308,0
DA:313,0
DA:314,0
DA:315,0
DA:318,0
DA:322,0
DA:326,0
DA:327,0
DA:329,0
DA:330,0
DA:331,0
DA:336,0
DA:337,0
DA:338,0
DA:341,0
DA:345,0
DA:348,0
DA:349,0
DA:350,0
DA:352,0
DA:353,0
DA:358,0
DA:359,0
DA:360,0
DA:362,0
DA:363,0
DA:368,0
DA:372,0
DA:373,0
DA:374,0
DA:375,0
DA:377,0
DA:378,0
DA:384,0
DA:385,0
DA:386,0
DA:391,0
DA:395,0
LF:140
LH:0
BRDA:24,0,0,0
BRDA:33,1,0,0
BRDA:34,2,0,0
BRDA:35,3,0,0
BRDA:37,4,0,0
BRDA:40,5,0,0
BRDA:40,5,1,0
BRDA:44,6,0,0
BRDA:44,6,1,0
BRDA:54,7,0,0
BRDA:54,7,1,0
BRDA:71,8,0,0
BRDA:71,8,1,0
BRDA:118,9,0,0
BRDA:118,9,1,0
BRDA:126,10,0,0
BRDA:126,10,1,0
BRDA:134,11,0,0
BRDA:134,11,1,0
BRDA:152,12,0,0
BRDA:153,13,0,0
BRDA:154,14,0,0
BRDA:155,15,0,0
BRDA:168,16,0,0
BRDA:168,16,1,0
BRDA:181,17,0,0
BRDA:181,17,1,0
BRDA:250,18,0,0
BRDA:261,19,0,0
BRDA:261,19,1,0
BRDA:265,20,0,0
BRDA:265,20,1,0
BRDA:265,20,2,0
BRDA:269,21,0,0
BRDA:269,21,1,0
BRDA:269,21,2,0
BRDA:273,22,0,0
BRDA:273,22,1,0
BRDA:273,23,0,0
BRDA:273,23,1,0
BRDA:280,24,0,0
BRDA:280,24,1,0
BRDA:280,25,0,0
BRDA:280,25,1,0
BRDA:281,26,0,0
BRDA:281,26,1,0
BRDA:301,27,0,0
BRDA:324,28,0,0
BRDA:375,29,0,0
BRDA:375,29,1,0
BRDA:384,30,0,0
BRDA:384,30,1,0
BRF:52
BRH:0
end_of_record
TN:
SF:src/utils/performance/PerformanceProfiler.tsx
FN:19,(anonymous_9)
FN:25,(anonymous_10)
FN:32,(anonymous_11)
FN:36,(anonymous_12)
FN:40,(anonymous_13)
FN:44,(anonymous_14)
FN:88,(anonymous_15)
FN:97,(anonymous_16)
FN:113,(anonymous_17)
FN:117,(anonymous_18)
FN:119,(anonymous_19)
FN:123,(anonymous_20)
FN:125,(anonymous_21)
FN:129,(anonymous_22)
FN:131,(anonymous_23)
FN:135,(anonymous_24)
FN:139,(anonymous_25)
FN:143,(anonymous_26)
FN:147,(anonymous_27)
FN:150,(anonymous_28)
FN:158,(anonymous_29)
FN:168,(anonymous_30)
FN:169,(anonymous_31)
FN:172,(anonymous_32)
FN:177,(anonymous_33)
FN:224,(anonymous_34)
FN:230,(anonymous_35)
FN:271,(anonymous_36)
FN:274,(anonymous_37)
FN:275,(anonymous_38)
FN:289,(anonymous_39)
FN:298,(anonymous_40)
FN:301,(anonymous_41)
FN:302,(anonymous_42)
FN:310,(anonymous_43)
FN:317,(anonymous_44)
FN:330,(anonymous_45)
FN:357,(anonymous_46)
FNF:38
FNH:0
FNDA:0,(anonymous_9)
FNDA:0,(anonymous_10)
FNDA:0,(anonymous_11)
FNDA:0,(anonymous_12)
FNDA:0,(anonymous_13)
FNDA:0,(anonymous_14)
FNDA:0,(anonymous_15)
FNDA:0,(anonymous_16)
FNDA:0,(anonymous_17)
FNDA:0,(anonymous_18)
FNDA:0,(anonymous_19)
FNDA:0,(anonymous_20)
FNDA:0,(anonymous_21)
FNDA:0,(anonymous_22)
FNDA:0,(anonymous_23)
FNDA:0,(anonymous_24)
FNDA:0,(anonymous_25)
FNDA:0,(anonymous_26)
FNDA:0,(anonymous_27)
FNDA:0,(anonymous_28)
FNDA:0,(anonymous_29)
FNDA:0,(anonymous_30)
FNDA:0,(anonymous_31)
FNDA:0,(anonymous_32)
FNDA:0,(anonymous_33)
FNDA:0,(anonymous_34)
FNDA:0,(anonymous_35)
FNDA:0,(anonymous_36)
FNDA:0,(anonymous_37)
FNDA:0,(anonymous_38)
FNDA:0,(anonymous_39)
FNDA:0,(anonymous_40)
FNDA:0,(anonymous_41)
FNDA:0,(anonymous_42)
FNDA:0,(anonymous_43)
FNDA:0,(anonymous_44)
FNDA:0,(anonymous_45)
FNDA:0,(anonymous_46)
DA:1,0
DA:21,0
DA:22,0
DA:23,0
DA:26,0
DA:27,0
DA:29,0
DA:33,0
DA:37,0
DA:41,0
DA:53,0
DA:55,0
DA:67,0
DA:85,0
DA:88,0
DA:89,0
DA:90,0
DA:92,0
DA:98,0
DA:99,0
DA:110,0
DA:114,0
DA:118,0
DA:119,0
DA:124,0
DA:125,0
DA:130,0
DA:131,0
DA:136,0
DA:140,0
DA:144,0
DA:148,0
DA:150,0
DA:155,0
DA:167,0
DA:168,0
DA:169,0
DA:170,0
DA:172,0
DA:173,0
DA:177,0
DA:178,0
DA:182,0
DA:184,0
DA:187,0
DA:188,0
DA:191,0
DA:192,0
DA:195,0
DA:196,0
DA:199,0
DA:200,0
DA:203,0
DA:215,0
DA:224,0
DA:230,0
DA:239,0
DA:249,0
DA:250,0
DA:254,0
DA:255,0
DA:259,0
DA:260,0
DA:263,0
DA:271,0
DA:272,0
DA:274,0
DA:275,0
DA:276,0
DA:277,0
DA:281,0
DA:284,0
DA:285,0
DA:286,0
DA:289,0
DA:290,0
DA:294,0
DA:298,0
DA:299,0
DA:301,0
DA:302,0
DA:303,0
DA:307,0
DA:308,0
DA:310,0
DA:313,0
DA:317,0
DA:318,0
DA:319,0
DA:321,0
DA:322,0
DA:325,0
DA:331,0
DA:332,0
DA:334,0
DA:336,0
DA:358,0
DA:368,0
DA:369,0
LF:99
LH:0
BRDA:26,0,0,0
BRDA:26,0,1,0
BRDA:53,1,0,0
BRDA:53,1,1,0
BRDA:55,2,0,0
BRDA:55,2,1,0
BRDA:98,3,0,0
BRDA:98,3,1,0
BRDA:99,4,0,0
BRDA:99,4,1,0
BRDA:117,5,0,0
BRDA:123,6,0,0
BRDA:129,7,0,0
BRDA:170,8,0,0
BRDA:170,8,1,0
BRDA:173,9,0,0
BRDA:173,9,1,0
BRDA:173,10,0,0
BRDA:173,10,1,0
BRDA:178,11,0,0
BRDA:178,11,1,0
BRDA:178,12,0,0
BRDA:178,12,1,0
BRDA:187,13,0,0
BRDA:187,13,1,0
BRDA:191,14,0,0
BRDA:191,14,1,0
BRDA:191,15,0,0
BRDA:191,15,1,0
BRDA:195,16,0,0
BRDA:195,16,1,0
BRDA:195,17,0,0
BRDA:195,17,1,0
BRDA:199,18,0,0
BRDA:199,18,1,0
BRDA:227,19,0,0
BRDA:249,20,0,0
BRDA:249,20,1,0
BRDA:254,21,0,0
BRDA:254,21,1,0
BRDA:254,22,0,0
BRDA:254,22,1,0
BRDA:259,23,0,0
BRDA:259,23,1,0
BRDA:276,24,0,0
BRDA:276,24,1,0
BRDA:285,25,0,0
BRDA:285,25,1,0
BRDA:321,26,0,0
BRDA:321,26,1,0
BRDA:331,27,0,0
BRDA:331,27,1,0
BRDA:339,28,0,0
BRDA:339,28,1,0
BRDA:344,29,0,0
BRDA:344,29,1,0
BRDA:348,30,0,0
BRDA:348,30,1,0
BRDA:348,30,2,0
BRDA:354,31,0,0
BRDA:354,31,1,0
BRF:61
BRH:0
end_of_record
